Info: Starting: Create simulation model
Info: qsys-generate E:\STUDY\quartus_examples\matrix_6\synth\ip_core\ram_9600x128\ram_9600x128.qsys --simulation=VERILOG --allow-mixed-language-simulation --output-directory=E:\STUDY\quartus_examples\matrix_6\synth\ip_core\ram_9600x128\ram_9600x128 --family="Arria 10" --part=10AX115S2F45I2SG
Progress: Loading ram_9600x128/ram_9600x128.qsys
Progress: Reading input file
Progress: Adding ram_2port_0 [ram_2port 16.1]
Progress: Parameterizing module ram_2port_0
Progress: Building connections
Progress: Parameterizing connections
Progress: Validating
Progress: Done reading input file
: ram_9600x128.ram_2port_0: Targeting device family: Arria 10.
: ram_9600x128.ram_2port_0: 'q_a' output bus width will be ignored while using one read port and one write port mode.
: ram_9600x128.ram_2port_0: Tab Output2 is unavailable while using one read port and one write port.
Info: ram_9600x128: "Transforming system: ram_9600x128"
Info: ram_9600x128: Running transform generation_view_transform
Info: ram_9600x128: Running transform generation_view_transform took 0.000s
Info: ram_2port_0: Running transform generation_view_transform
Info: ram_2port_0: Running transform generation_view_transform took 0.000s
Info: ram_9600x128: Running transform merlin_avalon_transform
Info: ram_9600x128: Running transform merlin_avalon_transform took 0.031s
Info: ram_9600x128: "Naming system components in system: ram_9600x128"
Info: ram_9600x128: "Processing generation queue"
Info: ram_9600x128: "Generating: ram_9600x128"
Info: ram_9600x128: "Generating: ram_9600x128_ram_2port_161_6d7ia5i"
Info: ram_9600x128: Done "ram_9600x128" with 2 modules, 2 files
Info: qsys-generate succeeded.
Info: Finished: Create simulation model
Info: Starting: Create Modelsim Project.
Info: sim-script-gen --spd=E:\STUDY\quartus_examples\matrix_6\synth\ip_core\ram_9600x128\ram_9600x128\ram_9600x128.spd --output-directory=E:/STUDY/quartus_examples/matrix_6/synth/ip_core/ram_9600x128/ram_9600x128/sim/ --use-relative-paths=true
Info: Doing: ip-make-simscript --spd=E:\STUDY\quartus_examples\matrix_6\synth\ip_core\ram_9600x128\ram_9600x128\ram_9600x128.spd --output-directory=E:/STUDY/quartus_examples/matrix_6/synth/ip_core/ram_9600x128/ram_9600x128/sim/ --use-relative-paths=true
Info: Generating the following file(s) for MODELSIM simulator in E:/STUDY/quartus_examples/matrix_6/synth/ip_core/ram_9600x128/ram_9600x128/sim/ directory:
Info: 	mentor/msim_setup.tcl
Info: Generating the following file(s) for VCS simulator in E:/STUDY/quartus_examples/matrix_6/synth/ip_core/ram_9600x128/ram_9600x128/sim/ directory:
Info: 	synopsys/vcs/vcs_setup.sh
Info: Generating the following file(s) for VCSMX simulator in E:/STUDY/quartus_examples/matrix_6/synth/ip_core/ram_9600x128/ram_9600x128/sim/ directory:
Info: 	synopsys/vcsmx/synopsys_sim.setup
Info: 	synopsys/vcsmx/vcsmx_setup.sh
Info: Generating the following file(s) for NCSIM simulator in E:/STUDY/quartus_examples/matrix_6/synth/ip_core/ram_9600x128/ram_9600x128/sim/ directory:
Info: 	cadence/cds.lib
Info: 	cadence/hdl.var
Info: 	cadence/ncsim_setup.sh
Info: 	1 .cds.lib files in cadence/cds_libs/ directory
Info: Generating the following file(s) for RIVIERA simulator in E:/STUDY/quartus_examples/matrix_6/synth/ip_core/ram_9600x128/ram_9600x128/sim/ directory:
Info: 	aldec/rivierapro_setup.tcl
Info: For information on how to simulate your IP, see the explanatory comments in the simulator-specific subdirectories under E:/STUDY/quartus_examples/matrix_6/synth/ip_core/ram_9600x128/ram_9600x128/sim/.
Info: Regenerate these scripts whenever you make any change to any Quartus-generated IP in your project.
Info: Finished: Create Modelsim Project.
Info: Starting: Create block symbol file (.bsf)
Info: qsys-generate E:\STUDY\quartus_examples\matrix_6\synth\ip_core\ram_9600x128\ram_9600x128.qsys --block-symbol-file --output-directory=E:\STUDY\quartus_examples\matrix_6\synth\ip_core\ram_9600x128\ram_9600x128 --family="Arria 10" --part=10AX115S2F45I2SG
Progress: Loading ram_9600x128/ram_9600x128.qsys
Progress: Reading input file
Progress: Adding ram_2port_0 [ram_2port 16.1]
Progress: Parameterizing module ram_2port_0
Progress: Building connections
Progress: Parameterizing connections
Progress: Validating
Progress: Done reading input file
: ram_9600x128.ram_2port_0: Targeting device family: Arria 10.
: ram_9600x128.ram_2port_0: 'q_a' output bus width will be ignored while using one read port and one write port mode.
: ram_9600x128.ram_2port_0: Tab Output2 is unavailable while using one read port and one write port.
Info: qsys-generate succeeded.
Info: Finished: Create block symbol file (.bsf)
Info: 
Info: Starting: Create HDL design files for synthesis
Info: qsys-generate E:\STUDY\quartus_examples\matrix_6\synth\ip_core\ram_9600x128\ram_9600x128.qsys --synthesis=VERILOG --output-directory=E:\STUDY\quartus_examples\matrix_6\synth\ip_core\ram_9600x128\ram_9600x128 --family="Arria 10" --part=10AX115S2F45I2SG
Progress: Loading ram_9600x128/ram_9600x128.qsys
Progress: Reading input file
Progress: Adding ram_2port_0 [ram_2port 16.1]
Progress: Parameterizing module ram_2port_0
Progress: Building connections
Progress: Parameterizing connections
Progress: Validating
Progress: Done reading input file
: ram_9600x128.ram_2port_0: Targeting device family: Arria 10.
: ram_9600x128.ram_2port_0: 'q_a' output bus width will be ignored while using one read port and one write port mode.
: ram_9600x128.ram_2port_0: Tab Output2 is unavailable while using one read port and one write port.
Info: ram_9600x128: "Transforming system: ram_9600x128"
Info: ram_9600x128: Running transform generation_view_transform
Info: ram_9600x128: Running transform generation_view_transform took 0.000s
Info: ram_2port_0: Running transform generation_view_transform
Info: ram_2port_0: Running transform generation_view_transform took 0.000s
Info: ram_9600x128: Running transform merlin_avalon_transform
Info: ram_9600x128: Running transform merlin_avalon_transform took 0.007s
Info: ram_9600x128: "Naming system components in system: ram_9600x128"
Info: ram_9600x128: "Processing generation queue"
Info: ram_9600x128: "Generating: ram_9600x128"
Info: ram_9600x128: "Generating: ram_9600x128_ram_2port_161_6d7ia5i"
Info: ram_9600x128: Done "ram_9600x128" with 2 modules, 3 files
Info: qsys-generate succeeded.
Info: Finished: Create HDL design files for synthesis
