Info: Starting: Create simulation model
Info: qsys-generate /home/gpu_server4/Desktop/2_2/pcie_demo_v2_0/data_pkt/synth/ip_core/pll_125m/pll_125m.qsys --simulation=VERILOG --allow-mixed-language-simulation --output-directory=/home/gpu_server4/Desktop/2_2/pcie_demo_v2_0/data_pkt/synth/ip_core/pll_125m/pll_125m --family="Arria 10" --part=10AX115S2F45I1SG
Progress: Loading pll_125m/pll_125m.qsys
Progress: Reading input file
Progress: Adding iopll_0 [altera_iopll 16.1]
Progress: Parameterizing module iopll_0
Progress: Building connections
Progress: Parameterizing connections
Progress: Validating
Progress: Done reading input file
Info: pll_125m.iopll_0: Able to implement PLL with user settings
Info: pll_125m: "Transforming system: pll_125m"
Info: pll_125m: Running transform generation_view_transform
Info: pll_125m: Running transform generation_view_transform took 0.001s
Info: iopll_0: Running transform generation_view_transform
Info: iopll_0: Running transform generation_view_transform took 0.000s
Info: pll_125m: Running transform merlin_avalon_transform
Info: pll_125m: Running transform merlin_avalon_transform took 0.051s
Info: pll_125m: "Naming system components in system: pll_125m"
Info: pll_125m: "Processing generation queue"
Info: pll_125m: "Generating: pll_125m"
Info: pll_125m: "Generating: pll_125m_altera_iopll_161_www4tny"
Info: pll_125m: Done "pll_125m" with 2 modules, 2 files
Info: qsys-generate succeeded.
Info: Finished: Create simulation model
Info: Starting: Create Modelsim Project.
Info: sim-script-gen --spd=/home/gpu_server4/Desktop/2_2/pcie_demo_v2_0/data_pkt/synth/ip_core/pll_125m/pll_125m/pll_125m.spd --output-directory=/home/gpu_server4/Desktop/2_2/pcie_demo_v2_0/data_pkt/synth/ip_core/pll_125m/pll_125m/sim/ --use-relative-paths=true
Info: Doing: ip-make-simscript --spd=/home/gpu_server4/Desktop/2_2/pcie_demo_v2_0/data_pkt/synth/ip_core/pll_125m/pll_125m/pll_125m.spd --output-directory=/home/gpu_server4/Desktop/2_2/pcie_demo_v2_0/data_pkt/synth/ip_core/pll_125m/pll_125m/sim/ --use-relative-paths=true
Info: Generating the following file(s) for MODELSIM simulator in /home/gpu_server4/Desktop/2_2/pcie_demo_v2_0/data_pkt/synth/ip_core/pll_125m/pll_125m/sim/ directory:
Info: 	mentor/msim_setup.tcl
Info: Generating the following file(s) for VCS simulator in /home/gpu_server4/Desktop/2_2/pcie_demo_v2_0/data_pkt/synth/ip_core/pll_125m/pll_125m/sim/ directory:
Info: 	synopsys/vcs/vcs_setup.sh
Info: Generating the following file(s) for VCSMX simulator in /home/gpu_server4/Desktop/2_2/pcie_demo_v2_0/data_pkt/synth/ip_core/pll_125m/pll_125m/sim/ directory:
Info: 	synopsys/vcsmx/synopsys_sim.setup
Info: 	synopsys/vcsmx/vcsmx_setup.sh
Info: Generating the following file(s) for NCSIM simulator in /home/gpu_server4/Desktop/2_2/pcie_demo_v2_0/data_pkt/synth/ip_core/pll_125m/pll_125m/sim/ directory:
Info: 	cadence/cds.lib
Info: 	cadence/hdl.var
Info: 	cadence/ncsim_setup.sh
Info: 	1 .cds.lib files in cadence/cds_libs/ directory
Info: Generating the following file(s) for RIVIERA simulator in /home/gpu_server4/Desktop/2_2/pcie_demo_v2_0/data_pkt/synth/ip_core/pll_125m/pll_125m/sim/ directory:
Info: 	aldec/rivierapro_setup.tcl
Info: For information on how to simulate your IP, see the explanatory comments in the simulator-specific subdirectories under /home/gpu_server4/Desktop/2_2/pcie_demo_v2_0/data_pkt/synth/ip_core/pll_125m/pll_125m/sim/.
Info: Regenerate these scripts whenever you make any change to any Quartus-generated IP in your project.
Info: Finished: Create Modelsim Project.
Info: Starting: Create block symbol file (.bsf)
Info: qsys-generate /home/gpu_server4/Desktop/2_2/pcie_demo_v2_0/data_pkt/synth/ip_core/pll_125m/pll_125m.qsys --block-symbol-file --output-directory=/home/gpu_server4/Desktop/2_2/pcie_demo_v2_0/data_pkt/synth/ip_core/pll_125m/pll_125m --family="Arria 10" --part=10AX115S2F45I1SG
Progress: Loading pll_125m/pll_125m.qsys
Progress: Reading input file
Progress: Adding iopll_0 [altera_iopll 16.1]
Progress: Parameterizing module iopll_0
Progress: Building connections
Progress: Parameterizing connections
Progress: Validating
Progress: Done reading input file
Info: pll_125m.iopll_0: Able to implement PLL with user settings
Info: qsys-generate succeeded.
Info: Finished: Create block symbol file (.bsf)
Info: 
Info: Starting: Create HDL design files for synthesis
Info: qsys-generate /home/gpu_server4/Desktop/2_2/pcie_demo_v2_0/data_pkt/synth/ip_core/pll_125m/pll_125m.qsys --synthesis=VERILOG --output-directory=/home/gpu_server4/Desktop/2_2/pcie_demo_v2_0/data_pkt/synth/ip_core/pll_125m/pll_125m --family="Arria 10" --part=10AX115S2F45I1SG
Progress: Loading pll_125m/pll_125m.qsys
Progress: Reading input file
Progress: Adding iopll_0 [altera_iopll 16.1]
Progress: Parameterizing module iopll_0
Progress: Building connections
Progress: Parameterizing connections
Progress: Validating
Progress: Done reading input file
Info: pll_125m.iopll_0: Able to implement PLL with user settings
Info: pll_125m: "Transforming system: pll_125m"
Info: pll_125m: Running transform generation_view_transform
Info: pll_125m: Running transform generation_view_transform took 0.000s
Info: iopll_0: Running transform generation_view_transform
Info: iopll_0: Running transform generation_view_transform took 0.000s
Info: pll_125m: Running transform merlin_avalon_transform
Info: pll_125m: Running transform merlin_avalon_transform took 0.009s
Info: pll_125m: "Naming system components in system: pll_125m"
Info: pll_125m: "Processing generation queue"
Info: pll_125m: "Generating: pll_125m"
Info: pll_125m: "Generating: pll_125m_altera_iopll_161_www4tny"
Info: pll_125m: Done "pll_125m" with 2 modules, 3 files
Info: qsys-generate succeeded.
Info: Finished: Create HDL design files for synthesis
