Flow report for diagonal
Thu May 10 20:23:37 2018
Quartus Prime Version 16.1.0 Build 196 10/24/2016 SJ Standard Edition


---------------------
; Table of Contents ;
---------------------
  1. Legal Notice
  2. Flow Summary
  3. Flow Settings
  4. Flow Non-Default Global Settings
  5. Flow Elapsed Time
  6. Flow OS Summary
  7. Flow Log
  8. Flow Messages
  9. Flow Suppressed Messages



----------------
; Legal Notice ;
----------------
Copyright (C) 2016  Intel Corporation. All rights reserved.
Your use of Intel Corporation's design tools, logic functions 
and other software and tools, and its AMPP partner logic 
functions, and any output files from any of the foregoing 
(including device programming or simulation files), and any 
associated documentation or information are expressly subject 
to the terms and conditions of the Intel Program License 
Subscription Agreement, the Intel Quartus Prime License Agreement,
the Intel MegaCore Function License Agreement, or other 
applicable license agreement, including, without limitation, 
that your use is for the sole purpose of programming logic 
devices manufactured by Intel and sold by Intel or its 
authorized distributors.  Please refer to the applicable 
agreement for further details.



+-------------------------------------------------------------------------------+
; Flow Summary                                                                  ;
+-----------------------------+-------------------------------------------------+
; Flow Status                 ; Successful - Thu May 10 20:23:37 2018           ;
; Quartus Prime Version       ; 16.1.0 Build 196 10/24/2016 SJ Standard Edition ;
; Revision Name               ; diagonal                                        ;
; Top-level Entity Name       ; new_HMM                                         ;
; Family                      ; Arria 10                                        ;
; Device                      ; 10AX115S2F45I2SG                                ;
; Timing Models               ; Final                                           ;
; Logic utilization (in ALMs) ; N/A                                             ;
; Total registers             ; 0                                               ;
; Total pins                  ; 2                                               ;
; Total virtual pins          ; 0                                               ;
; Total block memory bits     ; 0                                               ;
; Total DSP Blocks            ; 0                                               ;
; Total HSSI RX channels      ; 0                                               ;
; Total HSSI TX channels      ; 0                                               ;
; Total PLLs                  ; 0                                               ;
+-----------------------------+-------------------------------------------------+


+-----------------------------------------+
; Flow Settings                           ;
+-------------------+---------------------+
; Option            ; Setting             ;
+-------------------+---------------------+
; Start date & time ; 05/10/2018 20:23:11 ;
; Main task         ; Compilation         ;
; Revision Name     ; diagonal            ;
+-------------------+---------------------+


+----------------------------------------------------------------------------------------------------------------------------------------------------------------------+
; Flow Non-Default Global Settings                                                                                                                                     ;
+--------------------------------------+---------------------------------------------------------------------------+---------------+------------------+----------------+
; Assignment Name                      ; Value                                                                     ; Default Value ; Entity Name      ; Section Id     ;
+--------------------------------------+---------------------------------------------------------------------------+---------------+------------------+----------------+
; COMPILER_SIGNATURE_ID                ; 53164086706744.152595499105604                                            ; --            ; --               ; --             ;
; EDA_DESIGN_INSTANCE_NAME             ; NA                                                                        ; --            ; --               ; test1          ;
; EDA_NATIVELINK_SIMULATION_TEST_BENCH ; test1                                                                     ; --            ; --               ; eda_simulation ;
; EDA_NETLIST_WRITER_OUTPUT_DIR        ; C:/Users/edger/Desktop/diagonal/sim/sim_working/modelsim_altera           ; --            ; --               ; eda_simulation ;
; EDA_OUTPUT_DATA_FORMAT               ; Verilog Hdl                                                               ; --            ; --               ; eda_simulation ;
; EDA_SIMULATION_TOOL                  ; ModelSim-Altera (Verilog)                                                 ; <None>        ; --               ; --             ;
; EDA_TEST_BENCH_ENABLE_STATUS         ; TEST_BENCH_MODE                                                           ; --            ; --               ; eda_simulation ;
; EDA_TEST_BENCH_FILE                  ; ../../sim/test_bench/test1.v                                              ; --            ; --               ; test1          ;
; EDA_TEST_BENCH_MODULE_NAME           ; test1                                                                     ; --            ; --               ; test1          ;
; EDA_TEST_BENCH_NAME                  ; test1                                                                     ; --            ; --               ; eda_simulation ;
; EDA_TEST_BENCH_RUN_SIM_FOR           ; 1 ps                                                                      ; --            ; --               ; test1          ;
; EDA_TIME_SCALE                       ; 1 ps                                                                      ; --            ; --               ; eda_simulation ;
; MAX_CORE_JUNCTION_TEMP               ; 100                                                                       ; --            ; --               ; --             ;
; MIN_CORE_JUNCTION_TEMP               ; -40                                                                       ; --            ; --               ; --             ;
; MISC_FILE                            ; ../ip_core/ram_9600x128/ram_9600x128/ram_9600x128.cmp                     ; --            ; --               ; --             ;
; MISC_FILE                            ; ../ip_core/ram_9600x128/ram_9600x128/../ram_9600x128.qsys                 ; --            ; --               ; --             ;
; MISC_FILE                            ; ../ip_core/fifo_512x128/fifo_512x128/fifo_512x128.cmp                     ; --            ; --               ; --             ;
; MISC_FILE                            ; ../ip_core/fifo_512x128/fifo_512x128/../fifo_512x128.qsys                 ; --            ; --               ; --             ;
; MISC_FILE                            ; diagonal/diagonal.cmp                                                     ; --            ; --               ; --             ;
; MISC_FILE                            ; diagonal/../diagonal.qsys                                                 ; --            ; --               ; --             ;
; MISC_FILE                            ; ../ip_core/fp_sub/fp_sub/fp_sub.cmp                                       ; --            ; --               ; --             ;
; MISC_FILE                            ; ../ip_core/fp_sub/fp_sub/../fp_sub.qsys                                   ; --            ; --               ; --             ;
; MISC_FILE                            ; ../ip_core/rom_256x32/rom_256x32/rom_256x32.cmp                           ; --            ; --               ; --             ;
; MISC_FILE                            ; ../ip_core/rom_256x32/rom_256x32/../rom_256x32.qsys                       ; --            ; --               ; --             ;
; MISC_FILE                            ; ../ip_core/ram_2port_512x32/ram_2port_512x32/ram_2port_512x32.cmp         ; --            ; --               ; --             ;
; MISC_FILE                            ; ../ip_core/ram_2port_512x32/ram_2port_512x32/../ram_2port_512x32.qsys     ; --            ; --               ; --             ;
; MISC_FILE                            ; ../ip_core/Rom_Check0/Rom_Check0/Rom_Check0.cmp                           ; --            ; --               ; --             ;
; MISC_FILE                            ; ../ip_core/Rom_Check0/Rom_Check0/../Rom_Check0.qsys                       ; --            ; --               ; --             ;
; MISC_FILE                            ; ../ip_core/Rom_Check1/Rom_Check1/Rom_Check1.cmp                           ; --            ; --               ; --             ;
; MISC_FILE                            ; ../ip_core/Rom_Check1/Rom_Check1/../Rom_Check1.qsys                       ; --            ; --               ; --             ;
; MISC_FILE                            ; ../ip_core/Rom_Check2/Rom_Check2/Rom_Check2.cmp                           ; --            ; --               ; --             ;
; MISC_FILE                            ; ../ip_core/Rom_Check2/Rom_Check2/../Rom_Check2.qsys                       ; --            ; --               ; --             ;
; MISC_FILE                            ; ../ip_core/fp_mult/fp_mult/fp_mult.cmp                                    ; --            ; --               ; --             ;
; MISC_FILE                            ; ../ip_core/fp_mult/fp_mult/../fp_mult.qsys                                ; --            ; --               ; --             ;
; MISC_FILE                            ; ../ip_core/fp_add/fp_add/fp_add.cmp                                       ; --            ; --               ; --             ;
; MISC_FILE                            ; ../ip_core/fp_add/fp_add/../fp_add.qsys                                   ; --            ; --               ; --             ;
; MISC_FILE                            ; ../ip_core/fifo_X/fifo_X/fifo_X.cmp                                       ; --            ; --               ; --             ;
; MISC_FILE                            ; ../ip_core/fifo_X/fifo_X/../fifo_X.qsys                                   ; --            ; --               ; --             ;
; MISC_FILE                            ; ../ip_core/fifo_M/fifo_M/fifo_M.cmp                                       ; --            ; --               ; --             ;
; MISC_FILE                            ; ../ip_core/fifo_M/fifo_M/../fifo_M.qsys                                   ; --            ; --               ; --             ;
; PARTITION_COLOR                      ; -- (Not supported for targeted family)                                    ; --            ; new_HMM          ; Top            ;
; PARTITION_FITTER_PRESERVATION_LEVEL  ; -- (Not supported for targeted family)                                    ; --            ; new_HMM          ; Top            ;
; PARTITION_NETLIST_TYPE               ; -- (Not supported for targeted family)                                    ; --            ; new_HMM          ; Top            ;
; POWER_BOARD_THERMAL_MODEL            ; None (CONSERVATIVE)                                                       ; --            ; --               ; --             ;
; POWER_PRESET_COOLING_SOLUTION        ; 23 MM HEAT SINK WITH 200 LFPM AIRFLOW                                     ; --            ; --               ; --             ;
; PROJECT_OUTPUT_DIRECTORY             ; output_files                                                              ; --            ; --               ; --             ;
; SLD_FILE                             ; ../ip_core/ram_9600x128/ram_9600x128/ram_9600x128.debuginfo               ; --            ; --               ; --             ;
; SLD_FILE                             ; ../ip_core/fifo_512x128/fifo_512x128/fifo_512x128.debuginfo               ; --            ; --               ; --             ;
; SLD_FILE                             ; diagonal/diagonal.debuginfo                                               ; --            ; --               ; --             ;
; SLD_FILE                             ; ../ip_core/fp_sub/fp_sub/fp_sub.debuginfo                                 ; --            ; --               ; --             ;
; SLD_FILE                             ; ../ip_core/rom_256x32/rom_256x32/rom_256x32.debuginfo                     ; --            ; --               ; --             ;
; SLD_FILE                             ; ../ip_core/ram_2port_512x32/ram_2port_512x32/ram_2port_512x32.debuginfo   ; --            ; --               ; --             ;
; SLD_FILE                             ; ../ip_core/Rom_Check0/Rom_Check0/Rom_Check0.debuginfo                     ; --            ; --               ; --             ;
; SLD_FILE                             ; ../ip_core/Rom_Check1/Rom_Check1/Rom_Check1.debuginfo                     ; --            ; --               ; --             ;
; SLD_FILE                             ; ../ip_core/Rom_Check2/Rom_Check2/Rom_Check2.debuginfo                     ; --            ; --               ; --             ;
; SLD_FILE                             ; ../ip_core/fp_mult/fp_mult/fp_mult.debuginfo                              ; --            ; --               ; --             ;
; SLD_FILE                             ; ../ip_core/fp_add/fp_add/fp_add.debuginfo                                 ; --            ; --               ; --             ;
; SLD_FILE                             ; ../ip_core/fifo_X/fifo_X/fifo_X.debuginfo                                 ; --            ; --               ; --             ;
; SLD_FILE                             ; ../ip_core/fifo_M/fifo_M/fifo_M.debuginfo                                 ; --            ; --               ; --             ;
; SLD_INFO                             ; QSYS_NAME Rom_Check0 HAS_SOPCINFO 1 GENERATION_ID 1512471726              ; --            ; Rom_Check0       ; --             ;
; SLD_INFO                             ; QSYS_NAME Rom_Check1 HAS_SOPCINFO 1 GENERATION_ID 1512471690              ; --            ; Rom_Check1       ; --             ;
; SLD_INFO                             ; QSYS_NAME Rom_Check2 HAS_SOPCINFO 1 GENERATION_ID 1512471768              ; --            ; Rom_Check2       ; --             ;
; SLD_INFO                             ; QSYS_NAME diagonal HAS_SOPCINFO 1 GENERATION_ID 1511773030                ; --            ; --               ; --             ;
; SLD_INFO                             ; QSYS_NAME fifo_512x128 HAS_SOPCINFO 1 GENERATION_ID 1501148482            ; --            ; fifo_512x128     ; --             ;
; SLD_INFO                             ; QSYS_NAME fifo_M HAS_SOPCINFO 1 GENERATION_ID 1512042349                  ; --            ; fifo_M           ; --             ;
; SLD_INFO                             ; QSYS_NAME fifo_X HAS_SOPCINFO 1 GENERATION_ID 1512042389                  ; --            ; fifo_X           ; --             ;
; SLD_INFO                             ; QSYS_NAME fp_add HAS_SOPCINFO 1 GENERATION_ID 1516085639                  ; --            ; fp_add           ; --             ;
; SLD_INFO                             ; QSYS_NAME fp_mult HAS_SOPCINFO 1 GENERATION_ID 1516085601                 ; --            ; fp_mult          ; --             ;
; SLD_INFO                             ; QSYS_NAME fp_sub HAS_SOPCINFO 1 GENERATION_ID 1516085846                  ; --            ; fp_sub           ; --             ;
; SLD_INFO                             ; QSYS_NAME ram_2port_512x32 HAS_SOPCINFO 1 GENERATION_ID 1511918745        ; --            ; ram_2port_512x32 ; --             ;
; SLD_INFO                             ; QSYS_NAME ram_9600x128 HAS_SOPCINFO 1 GENERATION_ID 1517470886            ; --            ; ram_9600x128     ; --             ;
; SLD_INFO                             ; QSYS_NAME rom_256x32 HAS_SOPCINFO 1 GENERATION_ID 1512474755              ; --            ; rom_256x32       ; --             ;
; SOPCINFO_FILE                        ; ../ip_core/ram_9600x128/ram_9600x128/../ram_9600x128.sopcinfo             ; --            ; --               ; --             ;
; SOPCINFO_FILE                        ; ../ip_core/fifo_512x128/fifo_512x128/../fifo_512x128.sopcinfo             ; --            ; --               ; --             ;
; SOPCINFO_FILE                        ; diagonal/../diagonal.sopcinfo                                             ; --            ; --               ; --             ;
; SOPCINFO_FILE                        ; ../ip_core/fp_sub/fp_sub/../fp_sub.sopcinfo                               ; --            ; --               ; --             ;
; SOPCINFO_FILE                        ; ../ip_core/rom_256x32/rom_256x32/../rom_256x32.sopcinfo                   ; --            ; --               ; --             ;
; SOPCINFO_FILE                        ; ../ip_core/ram_2port_512x32/ram_2port_512x32/../ram_2port_512x32.sopcinfo ; --            ; --               ; --             ;
; SOPCINFO_FILE                        ; ../ip_core/Rom_Check0/Rom_Check0/../Rom_Check0.sopcinfo                   ; --            ; --               ; --             ;
; SOPCINFO_FILE                        ; ../ip_core/Rom_Check1/Rom_Check1/../Rom_Check1.sopcinfo                   ; --            ; --               ; --             ;
; SOPCINFO_FILE                        ; ../ip_core/Rom_Check2/Rom_Check2/../Rom_Check2.sopcinfo                   ; --            ; --               ; --             ;
; SOPCINFO_FILE                        ; ../ip_core/fp_mult/fp_mult/../fp_mult.sopcinfo                            ; --            ; --               ; --             ;
; SOPCINFO_FILE                        ; ../ip_core/fp_add/fp_add/../fp_add.sopcinfo                               ; --            ; --               ; --             ;
; SOPCINFO_FILE                        ; ../ip_core/fifo_X/fifo_X/../fifo_X.sopcinfo                               ; --            ; --               ; --             ;
; SOPCINFO_FILE                        ; ../ip_core/fifo_M/fifo_M/../fifo_M.sopcinfo                               ; --            ; --               ; --             ;
; SYNTHESIS_ONLY_QIP                   ; On                                                                        ; --            ; --               ; --             ;
; SYNTHESIS_ONLY_QIP                   ; On                                                                        ; --            ; --               ; --             ;
; SYNTHESIS_ONLY_QIP                   ; On                                                                        ; --            ; --               ; --             ;
; SYNTHESIS_ONLY_QIP                   ; On                                                                        ; --            ; --               ; --             ;
; SYNTHESIS_ONLY_QIP                   ; On                                                                        ; --            ; --               ; --             ;
; SYNTHESIS_ONLY_QIP                   ; On                                                                        ; --            ; --               ; --             ;
; SYNTHESIS_ONLY_QIP                   ; On                                                                        ; --            ; --               ; --             ;
; SYNTHESIS_ONLY_QIP                   ; On                                                                        ; --            ; --               ; --             ;
; SYNTHESIS_ONLY_QIP                   ; On                                                                        ; --            ; --               ; --             ;
; SYNTHESIS_ONLY_QIP                   ; On                                                                        ; --            ; --               ; --             ;
; SYNTHESIS_ONLY_QIP                   ; On                                                                        ; --            ; --               ; --             ;
; SYNTHESIS_ONLY_QIP                   ; On                                                                        ; --            ; --               ; --             ;
; SYNTHESIS_ONLY_QIP                   ; On                                                                        ; --            ; --               ; --             ;
; TOP_LEVEL_ENTITY                     ; new_HMM                                                                   ; diagonal      ; --               ; --             ;
+--------------------------------------+---------------------------------------------------------------------------+---------------+------------------+----------------+


+--------------------------------------------------------------------------------------------------------------------------+
; Flow Elapsed Time                                                                                                        ;
+----------------------+--------------+-------------------------+---------------------+------------------------------------+
; Module Name          ; Elapsed Time ; Average Processors Used ; Peak Virtual Memory ; Total CPU Time (on all processors) ;
+----------------------+--------------+-------------------------+---------------------+------------------------------------+
; Analysis & Synthesis ; 00:00:25     ; 1.0                     ; 937 MB              ; 00:00:35                           ;
; Total                ; 00:00:25     ; --                      ; --                  ; 00:00:35                           ;
+----------------------+--------------+-------------------------+---------------------+------------------------------------+


+------------------------------------------------------------------------------------+
; Flow OS Summary                                                                    ;
+----------------------+------------------+------------+------------+----------------+
; Module Name          ; Machine Hostname ; OS Name    ; OS Version ; Processor type ;
+----------------------+------------------+------------+------------+----------------+
; Analysis & Synthesis ; DESKTOP-80OJBTC  ; Windows 10 ; 10.0       ; x86_64         ;
+----------------------+------------------+------------+------------+----------------+


------------
; Flow Log ;
------------
quartus_map --read_settings_files=on --write_settings_files=off diagonal -c diagonal



