*design* DebussyLib (btIdent 3.2v9)
Command arguments:
    +define+verilog
    -f run.f
        ../test_bench/test.sv
        ../../synth/source/test_pkt.v
        ../../synth/source/save_send.v
        ../../synth/source/PE0.v
        ../../synth/source/PEx.v
        ../../synth/source/PU8.v
        ../../synth/source/matrix_6.v

*Error*  syntax error (expecting keyword 'module', 'macromodule' or 'primitive')
"../../synth/source/test_pkt.v", 23: `default_nettype none<-

*Error* usage of ANSI-style port declaration is only supported if option -2001 specified
"../../synth/source/test_pkt.v", 49: 

*Error* usage of ANSI-style port declaration is only supported if option -2001 specified
"../../synth/source/test_pkt.v", 50: 

*Error* usage of ANSI-style port declaration is only supported if option -2001 specified
"../../synth/source/test_pkt.v", 52: 

*Error* usage of ANSI-style port declaration is only supported if option -2001 specified
"../../synth/source/test_pkt.v", 53: 

*Error* usage of ANSI-style port declaration is only supported if option -2001 specified
"../../synth/source/test_pkt.v", 54: 

*Error* usage of ANSI-style port declaration is only supported if option -2001 specified
"../../synth/source/test_pkt.v", 56: 

*Error* usage of ANSI-style port declaration is only supported if option -2001 specified
"../../synth/source/test_pkt.v", 57: 

*Error* usage of ANSI-style port declaration is only supported if option -2001 specified
"../../synth/source/test_pkt.v", 58: 

*Error* usage of ANSI-style port declaration is only supported if option -2001 specified
"../../synth/source/test_pkt.v", 60: 

*Error* usage of ANSI-style port declaration is only supported if option -2001 specified
"../../synth/source/test_pkt.v", 61: 

*Error* usage of ANSI-style port declaration is only supported if option -2001 specified
"../../synth/source/test_pkt.v", 62: 

*Error* usage of ANSI-style port declaration is only supported if option -2001 specified
"../../synth/source/test_pkt.v", 63: 

*Error* usage of @(*) is only supported if option -2001 specified
"../../synth/source/test_pkt.v", 108: 

*Error* port sys_clk not input, output or inout
"../../synth/source/test_pkt.v", 28: 

*Error* port sys_rst_n not input, output or inout
"../../synth/source/test_pkt.v", 28: 

*Error* port matrix_enable not input, output or inout
"../../synth/source/test_pkt.v", 28: 

*Error* port pcie_write_done not input, output or inout
"../../synth/source/test_pkt.v", 28: 

*Error* port pcie_ram_rdat not input, output or inout
"../../synth/source/test_pkt.v", 28: 

*Error* port get_data_done not input, output or inout
"../../synth/source/test_pkt.v", 30: 

*Error* port pcie_ram_ren not input, output or inout
"../../synth/source/test_pkt.v", 30: 

*Error* port pcie_ram_raddr not input, output or inout
"../../synth/source/test_pkt.v", 30: 

*Error* port pkt_data not input, output or inout
"../../synth/source/test_pkt.v", 30: 

*Error* port pkt_sop not input, output or inout
"../../synth/source/test_pkt.v", 30: 

*Error* port pkt_eop not input, output or inout
"../../synth/source/test_pkt.v", 30: 

*Error* port pkt_vld not input, output or inout
"../../synth/source/test_pkt.v", 30: 

*Error* usage of ANSI-style port declaration is only supported if option -2001 specified
"../../synth/source/save_send.v", 69: 

*Error* usage of ANSI-style port declaration is only supported if option -2001 specified
"../../synth/source/save_send.v", 70: 

*Error* usage of ANSI-style port declaration is only supported if option -2001 specified
"../../synth/source/save_send.v", 71: 

*Error* usage of ANSI-style port declaration is only supported if option -2001 specified
"../../synth/source/save_send.v", 72: 

*Error* usage of ANSI-style port declaration is only supported if option -2001 specified
"../../synth/source/save_send.v", 73: 

*Error* usage of ANSI-style port declaration is only supported if option -2001 specified
"../../synth/source/save_send.v", 74: 

*Error* usage of ANSI-style port declaration is only supported if option -2001 specified
"../../synth/source/save_send.v", 75: 

*Error* usage of ANSI-style port declaration is only supported if option -2001 specified
"../../synth/source/save_send.v", 76: 

*Error* usage of ANSI-style port declaration is only supported if option -2001 specified
"../../synth/source/save_send.v", 77: 

*Error* usage of ANSI-style port declaration is only supported if option -2001 specified
"../../synth/source/save_send.v", 78: 

*Error* usage of ANSI-style port declaration is only supported if option -2001 specified
"../../synth/source/save_send.v", 80: 

*Error* usage of ANSI-style port declaration is only supported if option -2001 specified
"../../synth/source/save_send.v", 81: 

*Error* usage of ANSI-style port declaration is only supported if option -2001 specified
"../../synth/source/save_send.v", 88: 

*Error* usage of @(*) is only supported if option -2001 specified
"../../synth/source/save_send.v", 227: 

*Error* usage of @(*) is only supported if option -2001 specified
"../../synth/source/save_send.v", 583: 
*Error*  syntax error
"../../synth/source/save_send.v", 1225: (<-

*Error* failed to find identifier sum_vld_cnt
"../../synth/source/save_send.v", 1230: 

*Error* failed to find identifier sum_vld_cnt
"../../synth/source/save_send.v", 1232: 

*Error* failed to find identifier sum_vld_cnt
"../../synth/source/save_send.v", 1232: 

*Error* port sys_clk not input, output or inout
"../../synth/source/save_send.v", 6: 

*Error* port sys_rst_n not input, output or inout
"../../synth/source/save_send.v", 7: 

*Error* port matrix_memory_sop not input, output or inout
"../../synth/source/save_send.v", 8: 

*Error* port matrix_memory_eop not input, output or inout
"../../synth/source/save_send.v", 9: 

*Error* port matrix_memory_vld not input, output or inout
"../../synth/source/save_send.v", 10: 

*Error* port matrix_memory_data not input, output or inout
"../../synth/source/save_send.v", 11: 

*Error* port vld not input, output or inout
"../../synth/source/save_send.v", 12: 

*Error* port M_write not input, output or inout
"../../synth/source/save_send.v", 13: 

*Error* port X_write not input, output or inout
"../../synth/source/save_send.v", 14: 

*Error* port init_out not input, output or inout
"../../synth/source/save_send.v", 15: 

*Error* port pkt_receive_enable not input, output or inout
"../../synth/source/save_send.v", 17: 

*Error* port ram_out not input, output or inout
"../../synth/source/save_send.v", 18: 

*Error* port parameter_vld not input, output or inout
"../../synth/source/save_send.v", 25: 

*Error* illegal LHS in procedural assignment
"../../synth/source/save_send.v", 879: 

*Error* illegal LHS in procedural assignment
"../../synth/source/save_send.v", 881: 

*Error* illegal LHS in procedural assignment
"../../synth/source/save_send.v", 883: 

*Error* usage of ANSI-style port declaration is only supported if option -2001 specified
"../../synth/source/PE0.v", 70: 

*Error* usage of ANSI-style port declaration is only supported if option -2001 specified
"../../synth/source/PE0.v", 71: 

*Error* usage of ANSI-style port declaration is only supported if option -2001 specified
"../../synth/source/PE0.v", 73: 

*Error* usage of ANSI-style port declaration is only supported if option -2001 specified
"../../synth/source/PE0.v", 75: 

*Error* usage of ANSI-style port declaration is only supported if option -2001 specified
"../../synth/source/PE0.v", 76: 

*Error* usage of ANSI-style port declaration is only supported if option -2001 specified
"../../synth/source/PE0.v", 78: 

*Error* usage of ANSI-style port declaration is only supported if option -2001 specified
"../../synth/source/PE0.v", 79: 

*Error* usage of ANSI-style port declaration is only supported if option -2001 specified
"../../synth/source/PE0.v", 80: 

*Error* usage of ANSI-style port declaration is only supported if option -2001 specified
"../../synth/source/PE0.v", 82: 

*Error* usage of ANSI-style port declaration is only supported if option -2001 specified
"../../synth/source/PE0.v", 83: 

*Error* usage of ANSI-style port declaration is only supported if option -2001 specified
"../../synth/source/PE0.v", 84: 

*Error* usage of ANSI-style port declaration is only supported if option -2001 specified
"../../synth/source/PE0.v", 86: 

*Error* usage of ANSI-style port declaration is only supported if option -2001 specified
"../../synth/source/PE0.v", 87: 

*Error* usage of ANSI-style port declaration is only supported if option -2001 specified
"../../synth/source/PE0.v", 89: 

*Error* usage of ANSI-style port declaration is only supported if option -2001 specified
"../../synth/source/PE0.v", 90: 

*Error* usage of ANSI-style port declaration is only supported if option -2001 specified
"../../synth/source/PE0.v", 92: 

*Error* usage of ANSI-style port declaration is only supported if option -2001 specified
"../../synth/source/PE0.v", 93: 

*Error* usage of ANSI-style port declaration is only supported if option -2001 specified
"../../synth/source/PE0.v", 95: 

*Error* usage of ANSI-style port declaration is only supported if option -2001 specified
"../../synth/source/PE0.v", 96: 

*Error* usage of ANSI-style port declaration is only supported if option -2001 specified
"../../synth/source/PE0.v", 97: 

*Error* usage of ANSI-style port declaration is only supported if option -2001 specified
"../../synth/source/PE0.v", 99: 

*Error* usage of ANSI-style port declaration is only supported if option -2001 specified
"../../synth/source/PE0.v", 100: 

*Error* usage of ANSI-style port declaration is only supported if option -2001 specified
"../../synth/source/PE0.v", 101: 

*Error* usage of ANSI-style port declaration is only supported if option -2001 specified
"../../synth/source/PE0.v", 103: 

*Error* usage of @(*) is only supported if option -2001 specified
"../../synth/source/PE0.v", 320: 

*Error* port sys_clk not input, output or inout
"../../synth/source/PE0.v", 26: 

*Error* port sys_rst_n not input, output or inout
"../../synth/source/PE0.v", 27: 

*Error* port M_i_j not input, output or inout
"../../synth/source/PE0.v", 29: 

*Error* port X_i_j not input, output or inout
"../../synth/source/PE0.v", 30: 

*Error* port Y_i_j not input, output or inout
"../../synth/source/PE0.v", 31: 

*Error* port p_mx not input, output or inout
"../../synth/source/PE0.v", 33: 

*Error* port p_my not input, output or inout
"../../synth/source/PE0.v", 34: 

*Error* port p_mm not input, output or inout
"../../synth/source/PE0.v", 35: 

*Error* port lambda1 not input, output or inout
"../../synth/source/PE0.v", 37: 

*Error* port lambda2 not input, output or inout
"../../synth/source/PE0.v", 38: 

*Error* port H_in not input, output or inout
"../../synth/source/PE0.v", 40: 

*Error* port R_in not input, output or inout
"../../synth/source/PE0.v", 41: 

*Error* port Init_in not input, output or inout
"../../synth/source/PE0.v", 43: 

*Error* port Y_Init not input, output or inout
"../../synth/source/PE0.v", 44: 

*Error* port SUM_valid not input, output or inout
"../../synth/source/PE0.v", 46: 

*Error* port SUM_start not input, output or inout
"../../synth/source/PE0.v", 47: 

*Error* port SUM_start_out not input, output or inout
"../../synth/source/PE0.v", 48: 

*Error* port mode not input, output or inout
"../../synth/source/PE0.v", 50: 

*Error* port M_out not input, output or inout
"../../synth/source/PE0.v", 52: 

*Error* port X_out not input, output or inout
"../../synth/source/PE0.v", 53: 

*Error* port Y_out not input, output or inout
"../../synth/source/PE0.v", 54: 

*Error* port Init_out not input, output or inout
"../../synth/source/PE0.v", 56: 

*Error* port SUM_out not input, output or inout
"../../synth/source/PE0.v", 57: 

*Error* port H_out not input, output or inout
"../../synth/source/PE0.v", 58: 

*Error* usage of ANSI-style port declaration is only supported if option -2001 specified
"../../synth/source/PEx.v", 69: 

*Error* usage of ANSI-style port declaration is only supported if option -2001 specified
"../../synth/source/PEx.v", 70: 

*Error* usage of ANSI-style port declaration is only supported if option -2001 specified
"../../synth/source/PEx.v", 72: 

*Error* usage of ANSI-style port declaration is only supported if option -2001 specified
"../../synth/source/PEx.v", 73: 

*Error* usage of ANSI-style port declaration is only supported if option -2001 specified
"../../synth/source/PEx.v", 75: 

*Error* usage of ANSI-style port declaration is only supported if option -2001 specified
"../../synth/source/PEx.v", 76: 

*Error* usage of ANSI-style port declaration is only supported if option -2001 specified
"../../synth/source/PEx.v", 77: 

*Error* usage of ANSI-style port declaration is only supported if option -2001 specified
"../../synth/source/PEx.v", 79: 

*Error* usage of ANSI-style port declaration is only supported if option -2001 specified
"../../synth/source/PEx.v", 80: 

*Error* usage of ANSI-style port declaration is only supported if option -2001 specified
"../../synth/source/PEx.v", 81: 

*Error* usage of ANSI-style port declaration is only supported if option -2001 specified
"../../synth/source/PEx.v", 83: 

*Error* usage of ANSI-style port declaration is only supported if option -2001 specified
"../../synth/source/PEx.v", 84: 

*Error* usage of ANSI-style port declaration is only supported if option -2001 specified
"../../synth/source/PEx.v", 86: 

*Error* usage of ANSI-style port declaration is only supported if option -2001 specified
"../../synth/source/PEx.v", 87: 

*Error* usage of ANSI-style port declaration is only supported if option -2001 specified
"../../synth/source/PEx.v", 89: 

*Error* usage of ANSI-style port declaration is only supported if option -2001 specified
"../../synth/source/PEx.v", 91: 

*Error* usage of ANSI-style port declaration is only supported if option -2001 specified
"../../synth/source/PEx.v", 92: 

*Error* usage of ANSI-style port declaration is only supported if option -2001 specified
"../../synth/source/PEx.v", 93: 

*Error* usage of ANSI-style port declaration is only supported if option -2001 specified
"../../synth/source/PEx.v", 94: 

*Error* usage of ANSI-style port declaration is only supported if option -2001 specified
"../../synth/source/PEx.v", 95: 

*Error* usage of ANSI-style port declaration is only supported if option -2001 specified
"../../synth/source/PEx.v", 96: 

*Error* usage of ANSI-style port declaration is only supported if option -2001 specified
"../../synth/source/PEx.v", 97: 

*Error* usage of @(*) is only supported if option -2001 specified
"../../synth/source/PEx.v", 330: 

*Error* port sys_clk not input, output or inout
"../../synth/source/PEx.v", 26: 

*Error* port sys_rst_n not input, output or inout
"../../synth/source/PEx.v", 27: 

*Error* port M_i_j not input, output or inout
"../../synth/source/PEx.v", 29: 

*Error* port X_i_j not input, output or inout
"../../synth/source/PEx.v", 30: 

*Error* port Y_i_j not input, output or inout
"../../synth/source/PEx.v", 31: 

*Error* port p_mx not input, output or inout
"../../synth/source/PEx.v", 33: 

*Error* port p_my not input, output or inout
"../../synth/source/PEx.v", 34: 

*Error* port p_mm not input, output or inout
"../../synth/source/PEx.v", 35: 

*Error* port lambda1 not input, output or inout
"../../synth/source/PEx.v", 37: 

*Error* port lambda2 not input, output or inout
"../../synth/source/PEx.v", 38: 

*Error* port H_in not input, output or inout
"../../synth/source/PEx.v", 40: 

*Error* port R_in not input, output or inout
"../../synth/source/PEx.v", 41: 

*Error* port Init_in not input, output or inout
"../../synth/source/PEx.v", 43: 

*Error* port SUM_valid not input, output or inout
"../../synth/source/PEx.v", 44: 

*Error* port SUM_start not input, output or inout
"../../synth/source/PEx.v", 45: 

*Error* port M_out not input, output or inout
"../../synth/source/PEx.v", 48: 

*Error* port X_out not input, output or inout
"../../synth/source/PEx.v", 49: 

*Error* port Y_out not input, output or inout
"../../synth/source/PEx.v", 50: 

*Error* port Init_out not input, output or inout
"../../synth/source/PEx.v", 52: 

*Error* port SUM_out not input, output or inout
"../../synth/source/PEx.v", 54: 

*Error* port SUM_start_out not input, output or inout
"../../synth/source/PEx.v", 55: 

*Error* port H_out not input, output or inout
"../../synth/source/PEx.v", 57: 

*Error* usage of ANSI-style port declaration is only supported if option -2001 specified
"../../synth/source/PU8.v", 117: 

*Error* usage of ANSI-style port declaration is only supported if option -2001 specified
"../../synth/source/PU8.v", 118: 

*Error* usage of ANSI-style port declaration is only supported if option -2001 specified
"../../synth/source/PU8.v", 119: 

*Error* usage of ANSI-style port declaration is only supported if option -2001 specified
"../../synth/source/PU8.v", 120: 

*Error* usage of ANSI-style port declaration is only supported if option -2001 specified
"../../synth/source/PU8.v", 122: 

*Error* usage of ANSI-style port declaration is only supported if option -2001 specified
"../../synth/source/PU8.v", 123: 

*Error* usage of ANSI-style port declaration is only supported if option -2001 specified
"../../synth/source/PU8.v", 125: 

*Error* usage of ANSI-style port declaration is only supported if option -2001 specified
"../../synth/source/PU8.v", 126: 

*Error* usage of ANSI-style port declaration is only supported if option -2001 specified
"../../synth/source/PU8.v", 127: 

*Error* usage of ANSI-style port declaration is only supported if option -2001 specified
"../../synth/source/PU8.v", 129: 

*Error* usage of ANSI-style port declaration is only supported if option -2001 specified
"../../synth/source/PU8.v", 130: 

*Error* usage of ANSI-style port declaration is only supported if option -2001 specified
"../../synth/source/PU8.v", 131: 

*Error* usage of ANSI-style port declaration is only supported if option -2001 specified
"../../synth/source/PU8.v", 133: 

*Error* usage of ANSI-style port declaration is only supported if option -2001 specified
"../../synth/source/PU8.v", 134: 

*Error* usage of ANSI-style port declaration is only supported if option -2001 specified
"../../synth/source/PU8.v", 135: 

*Error* usage of ANSI-style port declaration is only supported if option -2001 specified
"../../synth/source/PU8.v", 137: 

*Error* usage of ANSI-style port declaration is only supported if option -2001 specified
"../../synth/source/PU8.v", 138: 

*Error* usage of ANSI-style port declaration is only supported if option -2001 specified
"../../synth/source/PU8.v", 139: 

*Error* usage of ANSI-style port declaration is only supported if option -2001 specified
"../../synth/source/PU8.v", 141: 

*Error* usage of ANSI-style port declaration is only supported if option -2001 specified
"../../synth/source/PU8.v", 142: 

*Error* usage of ANSI-style port declaration is only supported if option -2001 specified
"../../synth/source/PU8.v", 143: 

*Error* usage of ANSI-style port declaration is only supported if option -2001 specified
"../../synth/source/PU8.v", 145: 

*Error* usage of ANSI-style port declaration is only supported if option -2001 specified
"../../synth/source/PU8.v", 146: 

*Error* usage of ANSI-style port declaration is only supported if option -2001 specified
"../../synth/source/PU8.v", 147: 

*Error* usage of ANSI-style port declaration is only supported if option -2001 specified
"../../synth/source/PU8.v", 149: 

*Error* usage of ANSI-style port declaration is only supported if option -2001 specified
"../../synth/source/PU8.v", 150: 

*Error* usage of ANSI-style port declaration is only supported if option -2001 specified
"../../synth/source/PU8.v", 151: 

*Error* usage of ANSI-style port declaration is only supported if option -2001 specified
"../../synth/source/PU8.v", 153: 

*Error* usage of ANSI-style port declaration is only supported if option -2001 specified
"../../synth/source/PU8.v", 154: 

*Error* usage of ANSI-style port declaration is only supported if option -2001 specified
"../../synth/source/PU8.v", 155: 

*Error* usage of ANSI-style port declaration is only supported if option -2001 specified
"../../synth/source/PU8.v", 157: 

*Error* usage of ANSI-style port declaration is only supported if option -2001 specified
"../../synth/source/PU8.v", 158: 

*Error* usage of ANSI-style port declaration is only supported if option -2001 specified
"../../synth/source/PU8.v", 160: 

*Error* usage of ANSI-style port declaration is only supported if option -2001 specified
"../../synth/source/PU8.v", 161: 

*Error* usage of ANSI-style port declaration is only supported if option -2001 specified
"../../synth/source/PU8.v", 163: 

*Error* usage of ANSI-style port declaration is only supported if option -2001 specified
"../../synth/source/PU8.v", 164: 

*Error* usage of ANSI-style port declaration is only supported if option -2001 specified
"../../synth/source/PU8.v", 166: 

*Error* usage of ANSI-style port declaration is only supported if option -2001 specified
"../../synth/source/PU8.v", 167: 

*Error* usage of ANSI-style port declaration is only supported if option -2001 specified
"../../synth/source/PU8.v", 169: 

*Error* usage of ANSI-style port declaration is only supported if option -2001 specified
"../../synth/source/PU8.v", 170: 

*Error* usage of ANSI-style port declaration is only supported if option -2001 specified
"../../synth/source/PU8.v", 172: 

*Error* usage of ANSI-style port declaration is only supported if option -2001 specified
"../../synth/source/PU8.v", 173: 

*Error* usage of ANSI-style port declaration is only supported if option -2001 specified
"../../synth/source/PU8.v", 175: 

*Error* usage of ANSI-style port declaration is only supported if option -2001 specified
"../../synth/source/PU8.v", 176: 

*Error* usage of ANSI-style port declaration is only supported if option -2001 specified
"../../synth/source/PU8.v", 178: 

*Error* usage of ANSI-style port declaration is only supported if option -2001 specified
"../../synth/source/PU8.v", 179: 

*Error* usage of ANSI-style port declaration is only supported if option -2001 specified
"../../synth/source/PU8.v", 181: 

*Error* usage of ANSI-style port declaration is only supported if option -2001 specified
"../../synth/source/PU8.v", 183: 

*Error* usage of ANSI-style port declaration is only supported if option -2001 specified
"../../synth/source/PU8.v", 184: 

*Error* usage of ANSI-style port declaration is only supported if option -2001 specified
"../../synth/source/PU8.v", 185: 

*Error* usage of ANSI-style port declaration is only supported if option -2001 specified
"../../synth/source/PU8.v", 186: 

*Error* usage of ANSI-style port declaration is only supported if option -2001 specified
"../../synth/source/PU8.v", 187: 

*Error* usage of ANSI-style port declaration is only supported if option -2001 specified
"../../synth/source/PU8.v", 188: 

*Error* usage of ANSI-style port declaration is only supported if option -2001 specified
"../../synth/source/PU8.v", 189: 

*Error* usage of ANSI-style port declaration is only supported if option -2001 specified
"../../synth/source/PU8.v", 190: 

*Error* usage of ANSI-style port declaration is only supported if option -2001 specified
"../../synth/source/PU8.v", 192: 

*Error* usage of ANSI-style port declaration is only supported if option -2001 specified
"../../synth/source/PU8.v", 194: 

*Error* usage of ANSI-style port declaration is only supported if option -2001 specified
"../../synth/source/PU8.v", 195: 

*Error* usage of ANSI-style port declaration is only supported if option -2001 specified
"../../synth/source/PU8.v", 196: 

*Error* usage of ANSI-style port declaration is only supported if option -2001 specified
"../../synth/source/PU8.v", 200: 

*Error* usage of ANSI-style port declaration is only supported if option -2001 specified
"../../synth/source/PU8.v", 201: 

*Error* usage of ANSI-style port declaration is only supported if option -2001 specified
"../../synth/source/PU8.v", 202: 

*Error* usage of ANSI-style port declaration is only supported if option -2001 specified
"../../synth/source/PU8.v", 203: 

*Error* usage of @(*) is only supported if option -2001 specified
"../../synth/source/PU8.v", 342: 

*Error* port sys_clk not input, output or inout
"../../synth/source/PU8.v", 26: 

*Error* port sys_rst_n not input, output or inout
"../../synth/source/PU8.v", 27: 

*Error* port mode not input, output or inout
"../../synth/source/PU8.v", 28: 

*Error* port SUM_select not input, output or inout
"../../synth/source/PU8.v", 29: 

*Error* port Y_Init not input, output or inout
"../../synth/source/PU8.v", 31: 

*Error* port SUM_valid not input, output or inout
"../../synth/source/PU8.v", 33: 

*Error* port SUM_start not input, output or inout
"../../synth/source/PU8.v", 34: 

*Error* port p_mx_0 not input, output or inout
"../../synth/source/PU8.v", 36: 

*Error* port p_my_0 not input, output or inout
"../../synth/source/PU8.v", 37: 

*Error* port p_mm_0 not input, output or inout
"../../synth/source/PU8.v", 38: 

*Error* port p_mx_1 not input, output or inout
"../../synth/source/PU8.v", 40: 

*Error* port p_my_1 not input, output or inout
"../../synth/source/PU8.v", 41: 

*Error* port p_mm_1 not input, output or inout
"../../synth/source/PU8.v", 42: 

*Error* port p_mx_2 not input, output or inout
"../../synth/source/PU8.v", 44: 

*Error* port p_my_2 not input, output or inout
"../../synth/source/PU8.v", 45: 

*Error* port p_mm_2 not input, output or inout
"../../synth/source/PU8.v", 46: 

*Error* port p_mx_3 not input, output or inout
"../../synth/source/PU8.v", 48: 

*Error* port p_my_3 not input, output or inout
"../../synth/source/PU8.v", 49: 

*Error* port p_mm_3 not input, output or inout
"../../synth/source/PU8.v", 50: 

*Error* port p_mx_4 not input, output or inout
"../../synth/source/PU8.v", 52: 

*Error* port p_my_4 not input, output or inout
"../../synth/source/PU8.v", 53: 

*Error* port p_mm_4 not input, output or inout
"../../synth/source/PU8.v", 54: 

*Error* port p_mx_5 not input, output or inout
"../../synth/source/PU8.v", 56: 

*Error* port p_my_5 not input, output or inout
"../../synth/source/PU8.v", 57: 

*Error* port p_mm_5 not input, output or inout
"../../synth/source/PU8.v", 58: 

*Error* port p_mx_6 not input, output or inout
"../../synth/source/PU8.v", 60: 

*Error* port p_my_6 not input, output or inout
"../../synth/source/PU8.v", 61: 

*Error* port p_mm_6 not input, output or inout
"../../synth/source/PU8.v", 62: 

*Error* port p_mx_7 not input, output or inout
"../../synth/source/PU8.v", 64: 

*Error* port p_my_7 not input, output or inout
"../../synth/source/PU8.v", 65: 

*Error* port p_mm_7 not input, output or inout
"../../synth/source/PU8.v", 66: 

*Error* port lambda1_0 not input, output or inout
"../../synth/source/PU8.v", 68: 

*Error* port lambda2_0 not input, output or inout
"../../synth/source/PU8.v", 69: 

*Error* port lambda1_1 not input, output or inout
"../../synth/source/PU8.v", 71: 

*Error* port lambda2_1 not input, output or inout
"../../synth/source/PU8.v", 72: 

*Error* port lambda1_2 not input, output or inout
"../../synth/source/PU8.v", 74: 

*Error* port lambda2_2 not input, output or inout
"../../synth/source/PU8.v", 75: 

*Error* port lambda1_3 not input, output or inout
"../../synth/source/PU8.v", 77: 

*Error* port lambda2_3 not input, output or inout
"../../synth/source/PU8.v", 78: 

*Error* port lambda1_4 not input, output or inout
"../../synth/source/PU8.v", 80: 

*Error* port lambda2_4 not input, output or inout
"../../synth/source/PU8.v", 81: 

*Error* port lambda1_5 not input, output or inout
"../../synth/source/PU8.v", 83: 

*Error* port lambda2_5 not input, output or inout
"../../synth/source/PU8.v", 84: 

*Error* port lambda1_6 not input, output or inout
"../../synth/source/PU8.v", 86: 

*Error* port lambda2_6 not input, output or inout
"../../synth/source/PU8.v", 87: 

*Error* port lambda1_7 not input, output or inout
"../../synth/source/PU8.v", 89: 

*Error* port lambda2_7 not input, output or inout
"../../synth/source/PU8.v", 90: 

*Error* port H_in not input, output or inout
"../../synth/source/PU8.v", 92: 

*Error* port R_in_0 not input, output or inout
"../../synth/source/PU8.v", 94: 

*Error* port R_in_1 not input, output or inout
"../../synth/source/PU8.v", 95: 

*Error* port R_in_2 not input, output or inout
"../../synth/source/PU8.v", 96: 

*Error* port R_in_3 not input, output or inout
"../../synth/source/PU8.v", 97: 

*Error* port R_in_4 not input, output or inout
"../../synth/source/PU8.v", 98: 

*Error* port R_in_5 not input, output or inout
"../../synth/source/PU8.v", 99: 

*Error* port R_in_6 not input, output or inout
"../../synth/source/PU8.v", 100: 

*Error* port R_in_7 not input, output or inout
"../../synth/source/PU8.v", 101: 

*Error* port Init_in not input, output or inout
"../../synth/source/PU8.v", 103: 

*Error* port M_in not input, output or inout
"../../synth/source/PU8.v", 104: 

*Error* port X_in not input, output or inout
"../../synth/source/PU8.v", 105: 

*Error* port SUM_out not input, output or inout
"../../synth/source/PU8.v", 108: 

*Error* port Init_out not input, output or inout
"../../synth/source/PU8.v", 109: 

*Error* port M_out not input, output or inout
"../../synth/source/PU8.v", 110: 

*Error* port X_out not input, output or inout
"../../synth/source/PU8.v", 111: 

*Error* usage of ANSI-style port declaration is only supported if option -2001 specified
"../../synth/source/matrix_6.v", 44: 

*Error* usage of ANSI-style port declaration is only supported if option -2001 specified
"../../synth/source/matrix_6.v", 45: 

*Error* usage of ANSI-style port declaration is only supported if option -2001 specified
"../../synth/source/matrix_6.v", 46: 

*Error* usage of ANSI-style port declaration is only supported if option -2001 specified
"../../synth/source/matrix_6.v", 47: 

*Error* usage of ANSI-style port declaration is only supported if option -2001 specified
"../../synth/source/matrix_6.v", 48: 

*Error* usage of ANSI-style port declaration is only supported if option -2001 specified
"../../synth/source/matrix_6.v", 49: 

*Error* usage of ANSI-style port declaration is only supported if option -2001 specified
"../../synth/source/matrix_6.v", 50: 

*Error* usage of ANSI-style port declaration is only supported if option -2001 specified
"../../synth/source/matrix_6.v", 52: 

*Error* usage of ANSI-style port declaration is only supported if option -2001 specified
"../../synth/source/matrix_6.v", 53: 

*Error* usage of ANSI-style port declaration is only supported if option -2001 specified
"../../synth/source/matrix_6.v", 54: 

*Error* usage of @(*) is only supported if option -2001 specified
"../../synth/source/matrix_6.v", 710: 
*Error*  syntax error
"../../synth/source/matrix_6.v", 2823: (<-

*Error* failed to find identifier sum_vld_cnt
"../../synth/source/matrix_6.v", 2829: 

*Error* failed to find identifier sum_vld_cnt
"../../synth/source/matrix_6.v", 2831: 

*Error* failed to find identifier sum_vld_cnt
"../../synth/source/matrix_6.v", 2831: 

*Error* failed to find identifier sop_cnt
"../../synth/source/matrix_6.v", 2838: 

*Error* failed to find identifier sop_cnt
"../../synth/source/matrix_6.v", 2840: 

*Error* failed to find identifier sop_cnt
"../../synth/source/matrix_6.v", 2840: 

*Error* port sys_clk not input, output or inout
"../../synth/source/matrix_6.v", 5: 

*Error* port sys_rst_n not input, output or inout
"../../synth/source/matrix_6.v", 6: 

*Error* port matrix_memory_sop not input, output or inout
"../../synth/source/matrix_6.v", 7: 

*Error* port matrix_memory_eop not input, output or inout
"../../synth/source/matrix_6.v", 8: 

*Error* port matrix_memory_vld not input, output or inout
"../../synth/source/matrix_6.v", 9: 

*Error* port matrix_memory_data not input, output or inout
"../../synth/source/matrix_6.v", 10: 

*Error* port result_fifo_rden not input, output or inout
"../../synth/source/matrix_6.v", 11: 

*Error* port pkt_receive_enable not input, output or inout
"../../synth/source/matrix_6.v", 13: 

*Error* port result_fifo_rdat not input, output or inout
"../../synth/source/matrix_6.v", 14: 

*Error* port result_fifo_empty not input, output or inout
"../../synth/source/matrix_6.v", 15: 

*Error* view ram_9600x128 is not defined for inst u1
"../test_bench/test.sv", 57: 

*Warning* port sizes differ (1 vs 32) in port connection (port pcie_ram_rdat)
"../test_bench/test.sv", 74: 

*Warning* port sizes differ (1 vs 16) in port connection (port pcie_ram_raddr)
"../test_bench/test.sv", 78: 

*Warning* port sizes differ (1 vs 32) in port connection (port pkt_data)
"../test_bench/test.sv", 79: 

*Warning* port sizes differ (1 vs 32) in port connection (port matrix_memory_data)
"../test_bench/test.sv", 91: 

*Warning* port sizes differ (1 vs 32) in port connection (port result_fifo_rdat)
"../test_bench/test.sv", 95: 

*Error* view fifo_512x32 is not defined for inst fifo_X
"../../synth/source/save_send.v", 1189: 

*Error* view fifo_512x32 is not defined for inst fifo_M
"../../synth/source/save_send.v", 1201: 

*Error* view ram_2port_512x32 is not defined for inst ram
"../../synth/source/save_send.v", 1214: 

*Error* view fp_mult is not defined for inst mul0
"../../synth/source/PE0.v", 266: 

*Error* view fp_mult is not defined for inst mul1
"../../synth/source/PE0.v", 274: 

*Error* view fp_mult is not defined for inst mul2
"../../synth/source/PE0.v", 282: 

*Error* view fp_mult is not defined for inst mul3
"../../synth/source/PE0.v", 352: 

*Error* view fp_mult is not defined for inst mul4
"../../synth/source/PE0.v", 361: 

*Error* view fp_mult is not defined for inst mul5
"../../synth/source/PE0.v", 369: 

*Error* view fp_mult is not defined for inst mul6
"../../synth/source/PE0.v", 386: 

*Error* view fp_mult is not defined for inst mul7
"../../synth/source/PE0.v", 394: 

*Error* view fp_add is not defined for inst a0
"../../synth/source/PE0.v", 303: 

*Error* view fp_add is not defined for inst a1
"../../synth/source/PE0.v", 311: 

*Error* view fp_add is not defined for inst a2
"../../synth/source/PE0.v", 377: 

*Error* view fp_add is not defined for inst a3
"../../synth/source/PE0.v", 402: 

*Error* view fp_add is not defined for inst a4
"../../synth/source/PE0.v", 411: 

*Error* view fp_add is not defined for inst a5
"../../synth/source/PE0.v", 460: 

*Error* view fp_mult is not defined for inst mul0
"../../synth/source/PEx.v", 276: 

*Error* view fp_mult is not defined for inst mul1
"../../synth/source/PEx.v", 284: 

*Error* view fp_mult is not defined for inst mul2
"../../synth/source/PEx.v", 292: 

*Error* view fp_mult is not defined for inst mul3
"../../synth/source/PEx.v", 361: 

*Error* view fp_mult is not defined for inst mul4
"../../synth/source/PEx.v", 370: 

*Error* view fp_mult is not defined for inst mul5
"../../synth/source/PEx.v", 378: 

*Error* view fp_mult is not defined for inst mul6
"../../synth/source/PEx.v", 395: 

*Error* view fp_mult is not defined for inst mul7
"../../synth/source/PEx.v", 403: 

*Error* view fp_add is not defined for inst a0
"../../synth/source/PEx.v", 313: 

*Error* view fp_add is not defined for inst a1
"../../synth/source/PEx.v", 321: 

*Error* view fp_add is not defined for inst a2
"../../synth/source/PEx.v", 386: 

*Error* view fp_add is not defined for inst a3
"../../synth/source/PEx.v", 411: 

*Error* view fp_add is not defined for inst a4
"../../synth/source/PEx.v", 420: 

*Error* view fp_add is not defined for inst a5
"../../synth/source/PEx.v", 450: 

*Warning* port sizes differ (1 vs 32) in port connection (port Y_i_j)
"../../synth/source/PU8.v", 391: 

*Warning* port sizes differ (1 vs 32) in port connection (port M_out)
"../../synth/source/PU8.v", 406: 

*Warning* port sizes differ (1 vs 32) in port connection (port X_out)
"../../synth/source/PU8.v", 407: 

*Warning* port sizes differ (1 vs 32) in port connection (port Y_out)
"../../synth/source/PU8.v", 408: 

*Warning* port sizes differ (1 vs 32) in port connection (port SUM_out)
"../../synth/source/PU8.v", 413: 

*Warning* port sizes differ (1 vs 8) in port connection (port H_out)
"../../synth/source/PU8.v", 414: 

*Warning* port sizes differ (1 vs 32) in port connection (port M_i_j)
"../../synth/source/PU8.v", 424: 

*Warning* port sizes differ (1 vs 32) in port connection (port X_i_j)
"../../synth/source/PU8.v", 425: 

*Warning* port sizes differ (1 vs 32) in port connection (port Y_i_j)
"../../synth/source/PU8.v", 426: 

*Warning* port sizes differ (1 vs 8) in port connection (port H_in)
"../../synth/source/PU8.v", 435: 

*Warning* port sizes differ (1 vs 32) in port connection (port M_out)
"../../synth/source/PU8.v", 440: 

*Warning* port sizes differ (1 vs 32) in port connection (port X_out)
"../../synth/source/PU8.v", 441: 

*Warning* port sizes differ (1 vs 32) in port connection (port Y_out)
"../../synth/source/PU8.v", 442: 

*Warning* port sizes differ (1 vs 32) in port connection (port SUM_out)
"../../synth/source/PU8.v", 447: 

*Warning* port sizes differ (1 vs 8) in port connection (port H_out)
"../../synth/source/PU8.v", 448: 

*Warning* port sizes differ (1 vs 32) in port connection (port M_i_j)
"../../synth/source/PU8.v", 458: 

*Warning* port sizes differ (1 vs 32) in port connection (port X_i_j)
"../../synth/source/PU8.v", 459: 

*Warning* port sizes differ (1 vs 32) in port connection (port Y_i_j)
"../../synth/source/PU8.v", 460: 

*Warning* port sizes differ (1 vs 8) in port connection (port H_in)
"../../synth/source/PU8.v", 469: 

*Warning* port sizes differ (1 vs 32) in port connection (port M_out)
"../../synth/source/PU8.v", 474: 

*Warning* port sizes differ (1 vs 32) in port connection (port X_out)
"../../synth/source/PU8.v", 475: 

*Warning* port sizes differ (1 vs 32) in port connection (port Y_out)
"../../synth/source/PU8.v", 476: 

*Warning* port sizes differ (1 vs 32) in port connection (port SUM_out)
"../../synth/source/PU8.v", 481: 

*Warning* port sizes differ (1 vs 8) in port connection (port H_out)
"../../synth/source/PU8.v", 482: 

*Warning* port sizes differ (1 vs 32) in port connection (port M_i_j)
"../../synth/source/PU8.v", 492: 

*Warning* port sizes differ (1 vs 32) in port connection (port X_i_j)
"../../synth/source/PU8.v", 493: 

*Warning* port sizes differ (1 vs 32) in port connection (port Y_i_j)
"../../synth/source/PU8.v", 494: 

*Warning* port sizes differ (1 vs 8) in port connection (port H_in)
"../../synth/source/PU8.v", 503: 

*Warning* port sizes differ (1 vs 32) in port connection (port M_out)
"../../synth/source/PU8.v", 508: 

*Warning* port sizes differ (1 vs 32) in port connection (port X_out)
"../../synth/source/PU8.v", 509: 

*Warning* port sizes differ (1 vs 32) in port connection (port Y_out)
"../../synth/source/PU8.v", 510: 

*Warning* port sizes differ (1 vs 32) in port connection (port SUM_out)
"../../synth/source/PU8.v", 514: 

*Warning* port sizes differ (1 vs 8) in port connection (port H_out)
"../../synth/source/PU8.v", 515: 

*Warning* port sizes differ (1 vs 32) in port connection (port M_i_j)
"../../synth/source/PU8.v", 525: 

*Warning* port sizes differ (1 vs 32) in port connection (port X_i_j)
"../../synth/source/PU8.v", 526: 

*Warning* port sizes differ (1 vs 32) in port connection (port Y_i_j)
"../../synth/source/PU8.v", 527: 

*Warning* port sizes differ (1 vs 8) in port connection (port H_in)
"../../synth/source/PU8.v", 536: 

*Warning* port sizes differ (1 vs 32) in port connection (port M_out)
"../../synth/source/PU8.v", 541: 

*Warning* port sizes differ (1 vs 32) in port connection (port X_out)
"../../synth/source/PU8.v", 542: 

*Warning* port sizes differ (1 vs 32) in port connection (port Y_out)
"../../synth/source/PU8.v", 543: 

*Warning* port sizes differ (1 vs 32) in port connection (port SUM_out)
"../../synth/source/PU8.v", 547: 

*Warning* port sizes differ (1 vs 8) in port connection (port H_out)
"../../synth/source/PU8.v", 548: 

*Warning* port sizes differ (1 vs 32) in port connection (port M_i_j)
"../../synth/source/PU8.v", 558: 

*Warning* port sizes differ (1 vs 32) in port connection (port X_i_j)
"../../synth/source/PU8.v", 559: 

*Warning* port sizes differ (1 vs 32) in port connection (port Y_i_j)
"../../synth/source/PU8.v", 560: 

*Warning* port sizes differ (1 vs 8) in port connection (port H_in)
"../../synth/source/PU8.v", 569: 

*Warning* port sizes differ (1 vs 32) in port connection (port M_out)
"../../synth/source/PU8.v", 574: 

*Warning* port sizes differ (1 vs 32) in port connection (port X_out)
"../../synth/source/PU8.v", 575: 

*Warning* port sizes differ (1 vs 32) in port connection (port Y_out)
"../../synth/source/PU8.v", 576: 

*Warning* port sizes differ (1 vs 32) in port connection (port SUM_out)
"../../synth/source/PU8.v", 580: 

*Warning* port sizes differ (1 vs 8) in port connection (port H_out)
"../../synth/source/PU8.v", 581: 

*Warning* port sizes differ (1 vs 32) in port connection (port M_i_j)
"../../synth/source/PU8.v", 591: 

*Warning* port sizes differ (1 vs 32) in port connection (port X_i_j)
"../../synth/source/PU8.v", 592: 

*Warning* port sizes differ (1 vs 32) in port connection (port Y_i_j)
"../../synth/source/PU8.v", 593: 

*Warning* port sizes differ (1 vs 8) in port connection (port H_in)
"../../synth/source/PU8.v", 602: 

*Warning* port sizes differ (1 vs 32) in port connection (port M_out)
"../../synth/source/PU8.v", 607: 

*Warning* port sizes differ (1 vs 32) in port connection (port X_out)
"../../synth/source/PU8.v", 608: 

*Warning* port sizes differ (1 vs 32) in port connection (port Y_out)
"../../synth/source/PU8.v", 609: 

*Warning* port sizes differ (1 vs 32) in port connection (port SUM_out)
"../../synth/source/PU8.v", 613: 

*Warning* port sizes differ (1 vs 8) in port connection (port H_out)
"../../synth/source/PU8.v", 614: 

*Warning* port sizes differ (1 vs 32) in port connection (port M_i_j)
"../../synth/source/PU8.v", 624: 

*Warning* port sizes differ (1 vs 32) in port connection (port X_i_j)
"../../synth/source/PU8.v", 625: 

*Warning* port sizes differ (1 vs 32) in port connection (port Y_i_j)
"../../synth/source/PU8.v", 626: 

*Warning* port sizes differ (1 vs 8) in port connection (port H_in)
"../../synth/source/PU8.v", 635: 

*Warning* port sizes differ (1 vs 32) in port connection (port M_out)
"../../synth/source/PU8.v", 640: 

*Warning* port sizes differ (1 vs 32) in port connection (port X_out)
"../../synth/source/PU8.v", 641: 

*Warning* port sizes differ (1 vs 32) in port connection (port Y_out)
"../../synth/source/PU8.v", 642: 

*Warning* port sizes differ (1 vs 32) in port connection (port SUM_out)
"../../synth/source/PU8.v", 646: 

*Warning* port sizes differ (1 vs 8) in port connection (port H_out)
"../../synth/source/PU8.v", 647: 

*Error* view fp_sub is not defined for inst sub_0
"../../synth/source/matrix_6.v", 2463: 

*Error* view Rom_Check0 is not defined for inst check0_a
"../../synth/source/matrix_6.v", 2473: 

*Error* view Rom_Check0 is not defined for inst check0_b
"../../synth/source/matrix_6.v", 2488: 

*Error* view Rom_Check1 is not defined for inst check1_a
"../../synth/source/matrix_6.v", 2480: 

*Error* view Rom_Check1 is not defined for inst check1_b
"../../synth/source/matrix_6.v", 2495: 

*Error* view Rom_Check2 is not defined for inst check2_b
"../../synth/source/matrix_6.v", 2502: 

*Error* view fifo_512x128 is not defined for inst u0
"../../synth/source/matrix_6.v", 2806: 

*Warning* port sizes differ (1 vs 32) in port connection (port matrix_memory_data)
"../../synth/source/matrix_6.v", 2516: 

*Warning* port sizes differ (1 vs 32) in port connection (port M_write)
"../../synth/source/matrix_6.v", 2517: 

*Warning* port sizes differ (1 vs 32) in port connection (port X_write)
"../../synth/source/matrix_6.v", 2518: 

*Warning* port sizes differ (1 vs 32) in port connection (port ram_out)
"../../synth/source/matrix_6.v", 2521: 

*Warning* port sizes differ (1 vs 32) in port connection (port matrix_memory_data)
"../../synth/source/matrix_6.v", 2549: 

*Warning* port sizes differ (1 vs 32) in port connection (port M_write)
"../../synth/source/matrix_6.v", 2550: 

*Warning* port sizes differ (1 vs 32) in port connection (port X_write)
"../../synth/source/matrix_6.v", 2551: 

*Warning* port sizes differ (1 vs 32) in port connection (port ram_out)
"../../synth/source/matrix_6.v", 2554: 

*Warning* port sizes differ (1 vs 32) in port connection (port matrix_memory_data)
"../../synth/source/matrix_6.v", 2581: 

*Warning* port sizes differ (1 vs 32) in port connection (port M_write)
"../../synth/source/matrix_6.v", 2582: 

*Warning* port sizes differ (1 vs 32) in port connection (port X_write)
"../../synth/source/matrix_6.v", 2583: 

*Warning* port sizes differ (1 vs 32) in port connection (port ram_out)
"../../synth/source/matrix_6.v", 2586: 

*Warning* port sizes differ (1 vs 32) in port connection (port matrix_memory_data)
"../../synth/source/matrix_6.v", 2613: 

*Warning* port sizes differ (1 vs 32) in port connection (port M_write)
"../../synth/source/matrix_6.v", 2614: 

*Warning* port sizes differ (1 vs 32) in port connection (port X_write)
"../../synth/source/matrix_6.v", 2615: 

*Warning* port sizes differ (1 vs 32) in port connection (port ram_out)
"../../synth/source/matrix_6.v", 2618: 

*Warning* port sizes differ (1 vs 32) in port connection (port matrix_memory_data)
"../../synth/source/matrix_6.v", 2646: 

*Warning* port sizes differ (1 vs 32) in port connection (port M_write)
"../../synth/source/matrix_6.v", 2647: 

*Warning* port sizes differ (1 vs 32) in port connection (port X_write)
"../../synth/source/matrix_6.v", 2648: 

*Warning* port sizes differ (1 vs 32) in port connection (port ram_out)
"../../synth/source/matrix_6.v", 2651: 

*Warning* port sizes differ (1 vs 32) in port connection (port matrix_memory_data)
"../../synth/source/matrix_6.v", 2680: 

*Warning* port sizes differ (1 vs 32) in port connection (port M_write)
"../../synth/source/matrix_6.v", 2681: 

*Warning* port sizes differ (1 vs 32) in port connection (port X_write)
"../../synth/source/matrix_6.v", 2682: 

*Warning* port sizes differ (1 vs 32) in port connection (port ram_out)
"../../synth/source/matrix_6.v", 2685: 

*Warning* port sizes differ (1 vs 6) in port connection (port SUM_select)
"../../synth/source/matrix_6.v", 2712: 

*Warning* port sizes differ (1 vs 32) in port connection (port Y_Init)
"../../synth/source/matrix_6.v", 2713: 

*Warning* port sizes differ (1 vs 32) in port connection (port p_mx_0)
"../../synth/source/matrix_6.v", 2719: 

*Warning* port sizes differ (1 vs 32) in port connection (port p_my_0)
"../../synth/source/matrix_6.v", 2720: 

*Warning* port sizes differ (1 vs 32) in port connection (port p_mm_0)
"../../synth/source/matrix_6.v", 2721: 

*Warning* port sizes differ (1 vs 32) in port connection (port p_mx_1)
"../../synth/source/matrix_6.v", 2723: 

*Warning* port sizes differ (1 vs 32) in port connection (port p_my_1)
"../../synth/source/matrix_6.v", 2724: 

*Warning* port sizes differ (1 vs 32) in port connection (port p_mm_1)
"../../synth/source/matrix_6.v", 2725: 

*Warning* port sizes differ (1 vs 32) in port connection (port p_mx_2)
"../../synth/source/matrix_6.v", 2727: 

*Warning* port sizes differ (1 vs 32) in port connection (port p_my_2)
"../../synth/source/matrix_6.v", 2728: 

*Warning* port sizes differ (1 vs 32) in port connection (port p_mm_2)
"../../synth/source/matrix_6.v", 2729: 

*Warning* port sizes differ (1 vs 32) in port connection (port p_mx_3)
"../../synth/source/matrix_6.v", 2731: 

*Warning* port sizes differ (1 vs 32) in port connection (port p_my_3)
"../../synth/source/matrix_6.v", 2732: 

*Warning* port sizes differ (1 vs 32) in port connection (port p_mm_3)
"../../synth/source/matrix_6.v", 2733: 

*Warning* port sizes differ (1 vs 32) in port connection (port p_mx_4)
"../../synth/source/matrix_6.v", 2735: 

*Warning* port sizes differ (1 vs 32) in port connection (port p_my_4)
"../../synth/source/matrix_6.v", 2736: 

*Warning* port sizes differ (1 vs 32) in port connection (port p_mm_4)
"../../synth/source/matrix_6.v", 2737: 

*Warning* port sizes differ (1 vs 32) in port connection (port p_mx_5)
"../../synth/source/matrix_6.v", 2739: 

*Warning* port sizes differ (1 vs 32) in port connection (port p_my_5)
"../../synth/source/matrix_6.v", 2740: 

*Warning* port sizes differ (1 vs 32) in port connection (port p_mm_5)
"../../synth/source/matrix_6.v", 2741: 

*Warning* port sizes differ (1 vs 32) in port connection (port p_mx_6)
"../../synth/source/matrix_6.v", 2743: 

*Warning* port sizes differ (1 vs 32) in port connection (port p_my_6)
"../../synth/source/matrix_6.v", 2744: 

*Warning* port sizes differ (1 vs 32) in port connection (port p_mm_6)
"../../synth/source/matrix_6.v", 2745: 

*Warning* port sizes differ (1 vs 32) in port connection (port p_mx_7)
"../../synth/source/matrix_6.v", 2747: 

*Warning* port sizes differ (1 vs 32) in port connection (port p_my_7)
"../../synth/source/matrix_6.v", 2748: 

*Warning* port sizes differ (1 vs 32) in port connection (port p_mm_7)
"../../synth/source/matrix_6.v", 2749: 

*Warning* port sizes differ (1 vs 32) in port connection (port lambda1_0)
"../../synth/source/matrix_6.v", 2751: 

*Warning* port sizes differ (1 vs 32) in port connection (port lambda2_0)
"../../synth/source/matrix_6.v", 2752: 

*Warning* port sizes differ (1 vs 32) in port connection (port lambda1_1)
"../../synth/source/matrix_6.v", 2754: 

*Warning* port sizes differ (1 vs 32) in port connection (port lambda2_1)
"../../synth/source/matrix_6.v", 2755: 

*Warning* port sizes differ (1 vs 32) in port connection (port lambda1_2)
"../../synth/source/matrix_6.v", 2757: 

*Warning* port sizes differ (1 vs 32) in port connection (port lambda2_2)
"../../synth/source/matrix_6.v", 2758: 

*Warning* port sizes differ (1 vs 32) in port connection (port lambda1_3)
"../../synth/source/matrix_6.v", 2760: 

*Warning* port sizes differ (1 vs 32) in port connection (port lambda2_3)
"../../synth/source/matrix_6.v", 2761: 

*Warning* port sizes differ (1 vs 32) in port connection (port lambda1_4)
"../../synth/source/matrix_6.v", 2763: 

*Warning* port sizes differ (1 vs 32) in port connection (port lambda2_4)
"../../synth/source/matrix_6.v", 2764: 

*Warning* port sizes differ (1 vs 32) in port connection (port lambda1_5)
"../../synth/source/matrix_6.v", 2766: 

*Warning* port sizes differ (1 vs 32) in port connection (port lambda2_5)
"../../synth/source/matrix_6.v", 2767: 

*Warning* port sizes differ (1 vs 32) in port connection (port lambda1_6)
"../../synth/source/matrix_6.v", 2769: 

*Warning* port sizes differ (1 vs 32) in port connection (port lambda2_6)
"../../synth/source/matrix_6.v", 2770: 

*Warning* port sizes differ (1 vs 32) in port connection (port lambda1_7)
"../../synth/source/matrix_6.v", 2772: 

*Warning* port sizes differ (1 vs 32) in port connection (port lambda2_7)
"../../synth/source/matrix_6.v", 2773: 

*Warning* port sizes differ (1 vs 8) in port connection (port H_in)
"../../synth/source/matrix_6.v", 2775: 

*Warning* port sizes differ (1 vs 8) in port connection (port R_in_0)
"../../synth/source/matrix_6.v", 2777: 

*Warning* port sizes differ (1 vs 8) in port connection (port R_in_1)
"../../synth/source/matrix_6.v", 2778: 

*Warning* port sizes differ (1 vs 8) in port connection (port R_in_2)
"../../synth/source/matrix_6.v", 2779: 

*Warning* port sizes differ (1 vs 8) in port connection (port R_in_3)
"../../synth/source/matrix_6.v", 2780: 

*Warning* port sizes differ (1 vs 8) in port connection (port R_in_4)
"../../synth/source/matrix_6.v", 2781: 

*Warning* port sizes differ (1 vs 8) in port connection (port R_in_5)
"../../synth/source/matrix_6.v", 2782: 

*Warning* port sizes differ (1 vs 8) in port connection (port R_in_6)
"../../synth/source/matrix_6.v", 2783: 

*Warning* port sizes differ (1 vs 8) in port connection (port R_in_7)
"../../synth/source/matrix_6.v", 2784: 

*Warning* port sizes differ (1 vs 32) in port connection (port M_in)
"../../synth/source/matrix_6.v", 2787: 

*Warning* port sizes differ (1 vs 32) in port connection (port X_in)
"../../synth/source/matrix_6.v", 2788: 

*Warning* port sizes differ (1 vs 32) in port connection (port SUM_out)
"../../synth/source/matrix_6.v", 2791: 

*Warning* port sizes differ (1 vs 32) in port connection (port M_out)
"../../synth/source/matrix_6.v", 2793: 

*Warning* port sizes differ (1 vs 32) in port connection (port X_out)
"../../synth/source/matrix_6.v", 2794: 
Total	349 error(s),   154 warning(s)
