Info: Starting: Create simulation model
Info: qsys-generate E:\STUDY\quartus_examples\data_pkt\synth\ip_core\fp_add\fp_add.qsys --simulation=VERILOG --allow-mixed-language-simulation --output-directory=E:\STUDY\quartus_examples\data_pkt\synth\ip_core\fp_add\fp_add --family="Arria 10" --part=10AX115S1F45I1SG
Progress: Loading fp_add/fp_add.qsys
Progress: Reading input file
Progress: Adding fp_functions_0 [altera_fp_functions 16.1]
Progress: Parameterizing module fp_functions_0
Progress: Building connections
Progress: Parameterizing connections
Progress: Validating
Progress: Done reading input file
Info: fp_add: "Transforming system: fp_add"
Info: fp_add: Running transform generation_view_transform
Info: fp_add: Running transform generation_view_transform took 0.001s
Info: fp_functions_0: Running transform generation_view_transform
Info: fp_functions_0: Running transform generation_view_transform took 0.000s
Info: fp_add: Running transform merlin_avalon_transform
Info: fp_add: Running transform merlin_avalon_transform took 0.032s
Info: fp_add: "Naming system components in system: fp_add"
Info: fp_add: "Processing generation queue"
Info: fp_add: "Generating: fp_add"
Info: fp_add: "Generating: fp_add_altera_fp_functions_161_xm7k64i"
Info: fp_functions_0: C:/intelfpga/16.1/quartus/dspba/backend/windows64/cmdPolyEval -target Arria10 -frequency 400 -name none -noChanValid -enable -enableHardFP 1 -printMachineReadable -noFileGenerate -correctRounding -speedgrade 1 FPAdd 8 23
Info: fp_functions_0: C:/intelfpga/16.1/quartus/dspba/backend/windows64/cmdPolyEval -target Arria10 -frequency 600 -name none -noChanValid -enable -enableHardFP 1 -printMachineReadable -noFileGenerate -correctRounding -speedgrade 1 FPAdd 8 23
Info: fp_functions_0: C:/intelfpga/16.1/quartus/dspba/backend/windows64/cmdPolyEval -target Arria10 -frequency 700 -name none -noChanValid -enable -enableHardFP 1 -printMachineReadable -noFileGenerate -correctRounding -speedgrade 1 FPAdd 8 23
Info: fp_functions_0: C:/intelfpga/16.1/quartus/dspba/backend/windows64/cmdPolyEval -target Arria10 -frequency 750 -name none -noChanValid -enable -enableHardFP 1 -printMachineReadable -noFileGenerate -correctRounding -speedgrade 1 FPAdd 8 23
Info: fp_functions_0: C:/intelfpga/16.1/quartus/dspba/backend/windows64/cmdPolyEval -target Arria10 -frequency 775 -name none -noChanValid -enable -enableHardFP 1 -printMachineReadable -noFileGenerate -correctRounding -speedgrade 1 FPAdd 8 23
Info: fp_functions_0: C:/intelfpga/16.1/quartus/dspba/backend/windows64/cmdPolyEval -target Arria10 -frequency 788 -name none -noChanValid -enable -enableHardFP 1 -printMachineReadable -noFileGenerate -correctRounding -speedgrade 1 FPAdd 8 23
Info: fp_functions_0: C:/intelfpga/16.1/quartus/dspba/backend/windows64/cmdPolyEval -target Arria10 -frequency 795 -name none -noChanValid -enable -enableHardFP 1 -printMachineReadable -noFileGenerate -correctRounding -speedgrade 1 FPAdd 8 23
Info: fp_functions_0: C:/intelfpga/16.1/quartus/dspba/backend/windows64/cmdPolyEval -target Arria10 -frequency 799 -name none -noChanValid -enable -enableHardFP 1 -printMachineReadable -noFileGenerate -correctRounding -speedgrade 1 FPAdd 8 23
Info: fp_functions_0: C:/intelfpga/16.1/quartus/dspba/backend/windows64/cmdPolyEval -target Arria10 -frequency 801 -name none -noChanValid -enable -enableHardFP 1 -printMachineReadable -noFileGenerate -correctRounding -speedgrade 1 FPAdd 8 23
Info: fp_functions_0: C:/intelfpga/16.1/quartus/dspba/backend/windows64/cmdPolyEval -target Arria10 -frequency 802 -name none -noChanValid -enable -enableHardFP 1 -printMachineReadable -noFileGenerate -correctRounding -speedgrade 1 FPAdd 8 23
Info: fp_functions_0: C:/intelfpga/16.1/quartus/dspba/backend/windows64/cmdPolyEval -target Arria10 -frequency 803 -name none -noChanValid -enable -enableHardFP 1 -printMachineReadable -noFileGenerate -correctRounding -speedgrade 1 FPAdd 8 23
Info: fp_functions_0: C:/intelfpga/16.1/quartus/dspba/backend/windows64/cmdPolyEval -target Arria10 -frequency 804 -name none -noChanValid -enable -enableHardFP 1 -printMachineReadable -noFileGenerate -correctRounding -speedgrade 1 FPAdd 8 23
Info: fp_functions_0: Could achieve 3 cycles latency maximum at Frequency 805 MHz, padding with registers to reach requested 4 cycles latency
Info: fp_functions_0: C:/intelfpga/16.1/quartus/dspba/backend/windows64/cmdPolyEval -target Arria10 -frequency 804 -name fp_add_altera_fp_functions_161_xm7k64i -noChanValid -enable -enableHardFP 1 -printMachineReadable -lang VHDL -constrainLatency 4 -correctRounding -speedgrade 1 FPAdd 8 23
Info: fp_functions_0: DSP Blocks Used: 2
Info: fp_functions_0: LUTs Used: 16
Info: fp_functions_0: Memory Bits Used: 0
Info: fp_functions_0: Memory Blocks Used: 0
Info: fp_add: Done "fp_add" with 2 modules, 4 files
Info: qsys-generate succeeded.
Info: Finished: Create simulation model
Info: Starting: Create Modelsim Project.
Info: sim-script-gen --spd=E:\STUDY\quartus_examples\data_pkt\synth\ip_core\fp_add\fp_add\fp_add.spd --output-directory=E:/STUDY/quartus_examples/data_pkt/synth/ip_core/fp_add/fp_add/sim/ --use-relative-paths=true
Info: Doing: ip-make-simscript --spd=E:\STUDY\quartus_examples\data_pkt\synth\ip_core\fp_add\fp_add\fp_add.spd --output-directory=E:/STUDY/quartus_examples/data_pkt/synth/ip_core/fp_add/fp_add/sim/ --use-relative-paths=true
Info: Generating the following file(s) for MODELSIM simulator in E:/STUDY/quartus_examples/data_pkt/synth/ip_core/fp_add/fp_add/sim/ directory:
Info: 	mentor/msim_setup.tcl
Info: Skipping VCS script generation since VHDL file $QUARTUS_INSTALL_DIR/eda/sim_lib/altera_syn_attributes.vhd is required for simulation
Info: Generating the following file(s) for VCSMX simulator in E:/STUDY/quartus_examples/data_pkt/synth/ip_core/fp_add/fp_add/sim/ directory:
Info: 	synopsys/vcsmx/synopsys_sim.setup
Info: 	synopsys/vcsmx/vcsmx_setup.sh
Info: Generating the following file(s) for NCSIM simulator in E:/STUDY/quartus_examples/data_pkt/synth/ip_core/fp_add/fp_add/sim/ directory:
Info: 	cadence/cds.lib
Info: 	cadence/hdl.var
Info: 	cadence/ncsim_setup.sh
Info: 	1 .cds.lib files in cadence/cds_libs/ directory
Info: Generating the following file(s) for RIVIERA simulator in E:/STUDY/quartus_examples/data_pkt/synth/ip_core/fp_add/fp_add/sim/ directory:
Info: 	aldec/rivierapro_setup.tcl
Info: For information on how to simulate your IP, see the explanatory comments in the simulator-specific subdirectories under E:/STUDY/quartus_examples/data_pkt/synth/ip_core/fp_add/fp_add/sim/.
Info: Regenerate these scripts whenever you make any change to any Quartus-generated IP in your project.
Info: Finished: Create Modelsim Project.
Info: Starting: Create block symbol file (.bsf)
Info: qsys-generate E:\STUDY\quartus_examples\data_pkt\synth\ip_core\fp_add\fp_add.qsys --block-symbol-file --output-directory=E:\STUDY\quartus_examples\data_pkt\synth\ip_core\fp_add\fp_add --family="Arria 10" --part=10AX115S1F45I1SG
Progress: Loading fp_add/fp_add.qsys
Progress: Reading input file
Progress: Adding fp_functions_0 [altera_fp_functions 16.1]
Progress: Parameterizing module fp_functions_0
Progress: Building connections
Progress: Parameterizing connections
Progress: Validating
Progress: Done reading input file
Info: qsys-generate succeeded.
Info: Finished: Create block symbol file (.bsf)
Info: 
Info: Starting: Create HDL design files for synthesis
Info: qsys-generate E:\STUDY\quartus_examples\data_pkt\synth\ip_core\fp_add\fp_add.qsys --synthesis=VERILOG --output-directory=E:\STUDY\quartus_examples\data_pkt\synth\ip_core\fp_add\fp_add --family="Arria 10" --part=10AX115S1F45I1SG
Progress: Loading fp_add/fp_add.qsys
Progress: Reading input file
Progress: Adding fp_functions_0 [altera_fp_functions 16.1]
Progress: Parameterizing module fp_functions_0
Progress: Building connections
Progress: Parameterizing connections
Progress: Validating
Progress: Done reading input file
Info: fp_add: "Transforming system: fp_add"
Info: fp_add: Running transform generation_view_transform
Info: fp_add: Running transform generation_view_transform took 0.000s
Info: fp_functions_0: Running transform generation_view_transform
Info: fp_functions_0: Running transform generation_view_transform took 0.000s
Info: fp_add: Running transform merlin_avalon_transform
Info: fp_add: Running transform merlin_avalon_transform took 0.007s
Info: fp_add: "Naming system components in system: fp_add"
Info: fp_add: "Processing generation queue"
Info: fp_add: "Generating: fp_add"
Info: fp_add: "Generating: fp_add_altera_fp_functions_161_xm7k64i"
Info: fp_functions_0: C:/intelfpga/16.1/quartus/dspba/backend/windows64/cmdPolyEval -target Arria10 -frequency 400 -name none -noChanValid -enable -enableHardFP 1 -printMachineReadable -noFileGenerate -correctRounding -speedgrade 1 FPAdd 8 23
Info: fp_functions_0: C:/intelfpga/16.1/quartus/dspba/backend/windows64/cmdPolyEval -target Arria10 -frequency 600 -name none -noChanValid -enable -enableHardFP 1 -printMachineReadable -noFileGenerate -correctRounding -speedgrade 1 FPAdd 8 23
Info: fp_functions_0: C:/intelfpga/16.1/quartus/dspba/backend/windows64/cmdPolyEval -target Arria10 -frequency 700 -name none -noChanValid -enable -enableHardFP 1 -printMachineReadable -noFileGenerate -correctRounding -speedgrade 1 FPAdd 8 23
Info: fp_functions_0: C:/intelfpga/16.1/quartus/dspba/backend/windows64/cmdPolyEval -target Arria10 -frequency 750 -name none -noChanValid -enable -enableHardFP 1 -printMachineReadable -noFileGenerate -correctRounding -speedgrade 1 FPAdd 8 23
Info: fp_functions_0: C:/intelfpga/16.1/quartus/dspba/backend/windows64/cmdPolyEval -target Arria10 -frequency 775 -name none -noChanValid -enable -enableHardFP 1 -printMachineReadable -noFileGenerate -correctRounding -speedgrade 1 FPAdd 8 23
Info: fp_functions_0: C:/intelfpga/16.1/quartus/dspba/backend/windows64/cmdPolyEval -target Arria10 -frequency 788 -name none -noChanValid -enable -enableHardFP 1 -printMachineReadable -noFileGenerate -correctRounding -speedgrade 1 FPAdd 8 23
Info: fp_functions_0: C:/intelfpga/16.1/quartus/dspba/backend/windows64/cmdPolyEval -target Arria10 -frequency 795 -name none -noChanValid -enable -enableHardFP 1 -printMachineReadable -noFileGenerate -correctRounding -speedgrade 1 FPAdd 8 23
Info: fp_functions_0: C:/intelfpga/16.1/quartus/dspba/backend/windows64/cmdPolyEval -target Arria10 -frequency 799 -name none -noChanValid -enable -enableHardFP 1 -printMachineReadable -noFileGenerate -correctRounding -speedgrade 1 FPAdd 8 23
Info: fp_functions_0: C:/intelfpga/16.1/quartus/dspba/backend/windows64/cmdPolyEval -target Arria10 -frequency 801 -name none -noChanValid -enable -enableHardFP 1 -printMachineReadable -noFileGenerate -correctRounding -speedgrade 1 FPAdd 8 23
Info: fp_functions_0: C:/intelfpga/16.1/quartus/dspba/backend/windows64/cmdPolyEval -target Arria10 -frequency 802 -name none -noChanValid -enable -enableHardFP 1 -printMachineReadable -noFileGenerate -correctRounding -speedgrade 1 FPAdd 8 23
Info: fp_functions_0: C:/intelfpga/16.1/quartus/dspba/backend/windows64/cmdPolyEval -target Arria10 -frequency 803 -name none -noChanValid -enable -enableHardFP 1 -printMachineReadable -noFileGenerate -correctRounding -speedgrade 1 FPAdd 8 23
Info: fp_functions_0: C:/intelfpga/16.1/quartus/dspba/backend/windows64/cmdPolyEval -target Arria10 -frequency 804 -name none -noChanValid -enable -enableHardFP 1 -printMachineReadable -noFileGenerate -correctRounding -speedgrade 1 FPAdd 8 23
Info: fp_functions_0: Could achieve 3 cycles latency maximum at Frequency 805 MHz, padding with registers to reach requested 4 cycles latency
Info: fp_functions_0: C:/intelfpga/16.1/quartus/dspba/backend/windows64/cmdPolyEval -target Arria10 -frequency 804 -name fp_add_altera_fp_functions_161_xm7k64i -noChanValid -enable -enableHardFP 1 -printMachineReadable -lang VHDL -constrainLatency 4 -correctRounding -speedgrade 1 FPAdd 8 23
Info: fp_functions_0: DSP Blocks Used: 2
Info: fp_functions_0: LUTs Used: 16
Info: fp_functions_0: Memory Bits Used: 0
Info: fp_functions_0: Memory Blocks Used: 0
Info: fp_add: Done "fp_add" with 2 modules, 5 files
Info: qsys-generate succeeded.
Info: Finished: Create HDL design files for synthesis
