Info: Starting: Create simulation model
Info: qsys-generate C:\Users\edger\Desktop\diagonal\synth\ip_core\Rom_Check2\Rom_Check2.qsys --simulation=VERILOG --allow-mixed-language-simulation --output-directory=C:\Users\edger\Desktop\diagonal\synth\ip_core\Rom_Check2\Rom_Check2 --family="Arria 10" --part=10AX115S2F45I2SG
Progress: Loading Rom_Check2/Rom_Check2.qsys
Progress: Reading input file
Progress: Adding rom_1port_0 [rom_1port 16.1]
Progress: Parameterizing module rom_1port_0
Progress: Building connections
Progress: Parameterizing connections
Progress: Validating
Progress: Done reading input file
: Rom_Check2.rom_1port_0: Targeting device family: Arria 10.
: Rom_Check2.rom_1port_0: The initial content file can only conforms to PORT_A's dimensions for ROM:1-PORT.
Info: Rom_Check2: "Transforming system: Rom_Check2"
Info: Rom_Check2: Running transform generation_view_transform
Info: Rom_Check2: Running transform generation_view_transform took 0.000s
Info: rom_1port_0: Running transform generation_view_transform
Info: rom_1port_0: Running transform generation_view_transform took 0.000s
Info: Rom_Check2: Running transform merlin_avalon_transform
Info: Rom_Check2: Running transform merlin_avalon_transform took 0.043s
Info: Rom_Check2: "Naming system components in system: Rom_Check2"
Info: Rom_Check2: "Processing generation queue"
Info: Rom_Check2: "Generating: Rom_Check2"
Info: Rom_Check2: "Generating: Rom_Check2_rom_1port_161_basrbna"
Info: Rom_Check2: Done "Rom_Check2" with 2 modules, 2 files
Info: qsys-generate succeeded.
Info: Finished: Create simulation model
Info: Starting: Create Modelsim Project.
Info: sim-script-gen --spd=C:\Users\edger\Desktop\diagonal\synth\ip_core\Rom_Check2\Rom_Check2\Rom_Check2.spd --output-directory=C:/Users/edger/Desktop/diagonal/synth/ip_core/Rom_Check2/Rom_Check2/sim/ --use-relative-paths=true
Info: Doing: ip-make-simscript --spd=C:\Users\edger\Desktop\diagonal\synth\ip_core\Rom_Check2\Rom_Check2\Rom_Check2.spd --output-directory=C:/Users/edger/Desktop/diagonal/synth/ip_core/Rom_Check2/Rom_Check2/sim/ --use-relative-paths=true
Info: Generating the following file(s) for MODELSIM simulator in C:/Users/edger/Desktop/diagonal/synth/ip_core/Rom_Check2/Rom_Check2/sim/ directory:
Info: 	mentor/msim_setup.tcl
Info: Generating the following file(s) for VCS simulator in C:/Users/edger/Desktop/diagonal/synth/ip_core/Rom_Check2/Rom_Check2/sim/ directory:
Info: 	synopsys/vcs/vcs_setup.sh
Info: Generating the following file(s) for VCSMX simulator in C:/Users/edger/Desktop/diagonal/synth/ip_core/Rom_Check2/Rom_Check2/sim/ directory:
Info: 	synopsys/vcsmx/synopsys_sim.setup
Info: 	synopsys/vcsmx/vcsmx_setup.sh
Info: Generating the following file(s) for NCSIM simulator in C:/Users/edger/Desktop/diagonal/synth/ip_core/Rom_Check2/Rom_Check2/sim/ directory:
Info: 	cadence/cds.lib
Info: 	cadence/hdl.var
Info: 	cadence/ncsim_setup.sh
Info: 	1 .cds.lib files in cadence/cds_libs/ directory
Info: Generating the following file(s) for RIVIERA simulator in C:/Users/edger/Desktop/diagonal/synth/ip_core/Rom_Check2/Rom_Check2/sim/ directory:
Info: 	aldec/rivierapro_setup.tcl
Info: For information on how to simulate your IP, see the explanatory comments in the simulator-specific subdirectories under C:/Users/edger/Desktop/diagonal/synth/ip_core/Rom_Check2/Rom_Check2/sim/.
Info: Regenerate these scripts whenever you make any change to any Quartus-generated IP in your project.
Info: Finished: Create Modelsim Project.
Info: Starting: Create block symbol file (.bsf)
Info: qsys-generate C:\Users\edger\Desktop\diagonal\synth\ip_core\Rom_Check2\Rom_Check2.qsys --block-symbol-file --output-directory=C:\Users\edger\Desktop\diagonal\synth\ip_core\Rom_Check2\Rom_Check2 --family="Arria 10" --part=10AX115S2F45I2SG
Progress: Loading Rom_Check2/Rom_Check2.qsys
Progress: Reading input file
Progress: Adding rom_1port_0 [rom_1port 16.1]
Progress: Parameterizing module rom_1port_0
Progress: Building connections
Progress: Parameterizing connections
Progress: Validating
Progress: Done reading input file
: Rom_Check2.rom_1port_0: Targeting device family: Arria 10.
: Rom_Check2.rom_1port_0: The initial content file can only conforms to PORT_A's dimensions for ROM:1-PORT.
Info: qsys-generate succeeded.
Info: Finished: Create block symbol file (.bsf)
Info: 
Info: Starting: Create HDL design files for synthesis
Info: qsys-generate C:\Users\edger\Desktop\diagonal\synth\ip_core\Rom_Check2\Rom_Check2.qsys --synthesis=VERILOG --output-directory=C:\Users\edger\Desktop\diagonal\synth\ip_core\Rom_Check2\Rom_Check2 --family="Arria 10" --part=10AX115S2F45I2SG
Progress: Loading Rom_Check2/Rom_Check2.qsys
Progress: Reading input file
Progress: Adding rom_1port_0 [rom_1port 16.1]
Progress: Parameterizing module rom_1port_0
Progress: Building connections
Progress: Parameterizing connections
Progress: Validating
Progress: Done reading input file
: Rom_Check2.rom_1port_0: Targeting device family: Arria 10.
: Rom_Check2.rom_1port_0: The initial content file can only conforms to PORT_A's dimensions for ROM:1-PORT.
Info: Rom_Check2: "Transforming system: Rom_Check2"
Info: Rom_Check2: Running transform generation_view_transform
Info: Rom_Check2: Running transform generation_view_transform took 0.000s
Info: rom_1port_0: Running transform generation_view_transform
Info: rom_1port_0: Running transform generation_view_transform took 0.000s
Info: Rom_Check2: Running transform merlin_avalon_transform
Info: Rom_Check2: Running transform merlin_avalon_transform took 0.007s
Info: Rom_Check2: "Naming system components in system: Rom_Check2"
Info: Rom_Check2: "Processing generation queue"
Info: Rom_Check2: "Generating: Rom_Check2"
Info: Rom_Check2: "Generating: Rom_Check2_rom_1port_161_basrbna"
Info: Rom_Check2: Done "Rom_Check2" with 2 modules, 3 files
Info: qsys-generate succeeded.
Info: Finished: Create HDL design files for synthesis
