# ** Warning: (vlib-34) Library already exists at "work".
# 
# Modifying modelsim.ini
# Model Technology ModelSim SE vcom 10.1b Compiler 2012.04 Apr 26 2012
# -- Loading package STANDARD
# -- Loading package TEXTIO
# -- Loading package std_logic_1164
# -- Compiling package dspba_library_package
# Model Technology ModelSim SE vcom 10.1b Compiler 2012.04 Apr 26 2012
# -- Loading package STANDARD
# -- Loading package TEXTIO
# -- Loading package std_logic_1164
# -- Loading package dspba_library_package
# -- Compiling entity dspba_delay
# -- Compiling architecture delay of dspba_delay
# -- Loading package NUMERIC_STD
# -- Compiling entity dspba_sync_reg
# -- Compiling architecture sync_reg of dspba_sync_reg
# Model Technology ModelSim SE vcom 10.1b Compiler 2012.04 Apr 26 2012
# -- Loading package STANDARD
# -- Loading package TEXTIO
# -- Loading package std_logic_1164
# -- Loading package NUMERIC_STD
# -- Loading package MATH_REAL
# -- Loading package dspba_library_package
# -- Loading package altera_mf_components
# -- Loading package altera_lnsim_components
# -- Loading package LPM_COMPONENTS
# -- Loading package VITAL_Timing
# -- Loading package VITAL_Primitives
# -- Loading package twentynm_atom_pack
# -- Loading package twentynm_components
# -- Compiling entity fp_sub_altera_fp_functions_161_2aqu3xy
# -- Compiling architecture normal of fp_sub_altera_fp_functions_161_2aqu3xy
# Model Technology ModelSim SE vlog 10.1b Compiler 2012.04 Apr 26 2012
# -- Compiling module fp_sub
# 
# Top level modules:
# 	fp_sub
# Model Technology ModelSim SE vlog 10.1b Compiler 2012.04 Apr 26 2012
# -- Compiling module ram_2port_512x32_ram_2port_161_wdhffea
# 
# Top level modules:
# 	ram_2port_512x32_ram_2port_161_wdhffea
# Model Technology ModelSim SE vlog 10.1b Compiler 2012.04 Apr 26 2012
# -- Compiling module ram_2port_512x32
# 
# Top level modules:
# 	ram_2port_512x32
# Model Technology ModelSim SE vlog 10.1b Compiler 2012.04 Apr 26 2012
# -- Compiling module rom_256x32_rom_1port_161_2qxtcda
# 
# Top level modules:
# 	rom_256x32_rom_1port_161_2qxtcda
# Model Technology ModelSim SE vlog 10.1b Compiler 2012.04 Apr 26 2012
# -- Compiling module rom_256x32
# 
# Top level modules:
# 	rom_256x32
# Model Technology ModelSim SE vlog 10.1b Compiler 2012.04 Apr 26 2012
# -- Compiling module Rom_Check0_rom_1port_161_yfdjnlq
# 
# Top level modules:
# 	Rom_Check0_rom_1port_161_yfdjnlq
# Model Technology ModelSim SE vlog 10.1b Compiler 2012.04 Apr 26 2012
# -- Compiling module Rom_Check0
# 
# Top level modules:
# 	Rom_Check0
# Model Technology ModelSim SE vlog 10.1b Compiler 2012.04 Apr 26 2012
# -- Compiling module Rom_Check1_rom_1port_161_rt54boq
# 
# Top level modules:
# 	Rom_Check1_rom_1port_161_rt54boq
# Model Technology ModelSim SE vlog 10.1b Compiler 2012.04 Apr 26 2012
# -- Compiling module Rom_Check1
# 
# Top level modules:
# 	Rom_Check1
# Model Technology ModelSim SE vlog 10.1b Compiler 2012.04 Apr 26 2012
# -- Compiling module Rom_Check2_rom_1port_161_6cvufhq
# 
# Top level modules:
# 	Rom_Check2_rom_1port_161_6cvufhq
# Model Technology ModelSim SE vlog 10.1b Compiler 2012.04 Apr 26 2012
# -- Compiling module Rom_Check2
# 
# Top level modules:
# 	Rom_Check2
# Model Technology ModelSim SE vlog 10.1b Compiler 2012.04 Apr 26 2012
# -- Compiling module fifo_M_fifo_161_skz73ra
# 
# Top level modules:
# 	fifo_M_fifo_161_skz73ra
# Model Technology ModelSim SE vlog 10.1b Compiler 2012.04 Apr 26 2012
# -- Compiling module fifo_M
# 
# Top level modules:
# 	fifo_M
# Model Technology ModelSim SE vlog 10.1b Compiler 2012.04 Apr 26 2012
# -- Compiling module fifo_X_fifo_161_skz73ra
# 
# Top level modules:
# 	fifo_X_fifo_161_skz73ra
# Model Technology ModelSim SE vlog 10.1b Compiler 2012.04 Apr 26 2012
# -- Compiling module fifo_X
# 
# Top level modules:
# 	fifo_X
# Model Technology ModelSim SE vcom 10.1b Compiler 2012.04 Apr 26 2012
# -- Loading package STANDARD
# -- Loading package TEXTIO
# -- Loading package std_logic_1164
# -- Compiling package dspba_library_package
# Model Technology ModelSim SE vcom 10.1b Compiler 2012.04 Apr 26 2012
# -- Loading package STANDARD
# -- Loading package TEXTIO
# -- Loading package std_logic_1164
# -- Loading package dspba_library_package
# -- Compiling entity dspba_delay
# -- Compiling architecture delay of dspba_delay
# -- Loading package NUMERIC_STD
# -- Compiling entity dspba_sync_reg
# -- Compiling architecture sync_reg of dspba_sync_reg
# Model Technology ModelSim SE vcom 10.1b Compiler 2012.04 Apr 26 2012
# -- Loading package STANDARD
# -- Loading package TEXTIO
# -- Loading package std_logic_1164
# -- Loading package NUMERIC_STD
# -- Loading package MATH_REAL
# -- Loading package dspba_library_package
# -- Loading package altera_mf_components
# -- Loading package altera_lnsim_components
# -- Loading package LPM_COMPONENTS
# -- Loading package VITAL_Timing
# -- Loading package VITAL_Primitives
# -- Loading package twentynm_atom_pack
# -- Loading package twentynm_components
# -- Compiling entity fp_add_altera_fp_functions_161_vikdi5i
# -- Compiling architecture normal of fp_add_altera_fp_functions_161_vikdi5i
# Model Technology ModelSim SE vlog 10.1b Compiler 2012.04 Apr 26 2012
# -- Compiling module fp_add
# 
# Top level modules:
# 	fp_add
# Model Technology ModelSim SE vcom 10.1b Compiler 2012.04 Apr 26 2012
# -- Loading package STANDARD
# -- Loading package TEXTIO
# -- Loading package std_logic_1164
# -- Compiling package dspba_library_package
# Model Technology ModelSim SE vcom 10.1b Compiler 2012.04 Apr 26 2012
# -- Loading package STANDARD
# -- Loading package TEXTIO
# -- Loading package std_logic_1164
# -- Loading package dspba_library_package
# -- Compiling entity dspba_delay
# -- Compiling architecture delay of dspba_delay
# -- Loading package NUMERIC_STD
# -- Compiling entity dspba_sync_reg
# -- Compiling architecture sync_reg of dspba_sync_reg
# Model Technology ModelSim SE vcom 10.1b Compiler 2012.04 Apr 26 2012
# -- Loading package STANDARD
# -- Loading package TEXTIO
# -- Loading package std_logic_1164
# -- Loading package NUMERIC_STD
# -- Loading package MATH_REAL
# -- Loading package dspba_library_package
# -- Loading package altera_mf_components
# -- Loading package altera_lnsim_components
# -- Loading package LPM_COMPONENTS
# -- Loading package VITAL_Timing
# -- Loading package VITAL_Primitives
# -- Loading package twentynm_atom_pack
# -- Loading package twentynm_components
# -- Compiling entity fp_mult_altera_fp_functions_161_5joiagi
# -- Compiling architecture normal of fp_mult_altera_fp_functions_161_5joiagi
# Model Technology ModelSim SE vlog 10.1b Compiler 2012.04 Apr 26 2012
# -- Compiling module fp_mult
# 
# Top level modules:
# 	fp_mult
# Model Technology ModelSim SE vlog 10.1b Compiler 2012.04 Apr 26 2012
# -- Compiling module fifo_512x128_fifo_161_myzf2pa
# 
# Top level modules:
# 	fifo_512x128_fifo_161_myzf2pa
# Model Technology ModelSim SE vlog 10.1b Compiler 2012.04 Apr 26 2012
# -- Compiling module fifo_512x128
# 
# Top level modules:
# 	fifo_512x128
# Model Technology ModelSim SE vlog 10.1b Compiler 2012.04 Apr 26 2012
# -- Compiling module ram_9600x128_ram_2port_161_6d7ia5i
# 
# Top level modules:
# 	ram_9600x128_ram_2port_161_6d7ia5i
# Model Technology ModelSim SE vlog 10.1b Compiler 2012.04 Apr 26 2012
# -- Compiling module ram_9600x128
# 
# Top level modules:
# 	ram_9600x128
# Model Technology ModelSim SE vlog 10.1b Compiler 2012.04 Apr 26 2012
# -- Compiling module fifo_512x32_fifo_161_6hroaea
# 
# Top level modules:
# 	fifo_512x32_fifo_161_6hroaea
# Model Technology ModelSim SE vlog 10.1b Compiler 2012.04 Apr 26 2012
# -- Compiling module fifo_512x32
# 
# Top level modules:
# 	fifo_512x32
# Model Technology ModelSim SE vlog 10.1b Compiler 2012.04 Apr 26 2012
# -- Skipping module test
# -- Skipping module test_pkt
# -- Compiling module save_send
# -- Skipping module PE0
# -- Skipping module PEx
# -- Skipping module PU8
# -- Skipping module matrix_6
# 
# Top level modules:
# 	test
# vsim -L altera_ver -L lpm_ver -L sgate_ver -L altera_mf_ver -L altera_lnsim_ver -L twentynm_ver -L twentynm_hssi_ver -L twentynm_hip_ver -L altera -L lpm -L sgate -L altera_mf -L altera_lnsim -L twentynm -L twentynm_hssi -L twentynm_hip -pli novas.dll -t ps -novopt work.test 
# Loading novas.dll
# //  ModelSim SE 10.1b Apr 26 2012 
# //
# //  Copyright 1991-2012 Mentor Graphics Corporation
# //  All Rights Reserved.
# //
# //  THIS WORK CONTAINS TRADE SECRET AND PROPRIETARY INFORMATION
# //  WHICH IS THE PROPERTY OF MENTOR GRAPHICS CORPORATION OR ITS
# //  LICENSORS AND IS SUBJECT TO LICENSE TERMS.
# //
# Loading sv_std.std
# Loading work.test
# Refreshing E:/STUDY/quartus_examples/matrix_6/sim/sim_working/work.ram_9600x128
# Loading work.ram_9600x128
# Refreshing E:/STUDY/quartus_examples/matrix_6/sim/sim_working/work.ram_9600x128_ram_2port_161_6d7ia5i
# Loading work.ram_9600x128_ram_2port_161_6d7ia5i
# Loading altera_lnsim_ver.altera_syncram
# Loading altera_lnsim_ver.ALTERA_LNSIM_MEMORY_INITIALIZATION
# Loading work.test_pkt
# Loading work.matrix_6
# Refreshing E:/STUDY/quartus_examples/matrix_6/sim/sim_working/work.fp_sub
# Loading work.fp_sub
# Refreshing E:/STUDY/quartus_examples/matrix_6/sim/sim_working/work.Rom_Check0
# Loading work.Rom_Check0
# Refreshing E:/STUDY/quartus_examples/matrix_6/sim/sim_working/work.Rom_Check0_rom_1port_161_yfdjnlq
# Loading work.Rom_Check0_rom_1port_161_yfdjnlq
# Refreshing E:/STUDY/quartus_examples/matrix_6/sim/sim_working/work.Rom_Check1
# Loading work.Rom_Check1
# Refreshing E:/STUDY/quartus_examples/matrix_6/sim/sim_working/work.Rom_Check1_rom_1port_161_rt54boq
# Loading work.Rom_Check1_rom_1port_161_rt54boq
# Refreshing E:/STUDY/quartus_examples/matrix_6/sim/sim_working/work.Rom_Check2
# Loading work.Rom_Check2
# Refreshing E:/STUDY/quartus_examples/matrix_6/sim/sim_working/work.Rom_Check2_rom_1port_161_6cvufhq
# Loading work.Rom_Check2_rom_1port_161_6cvufhq
# Refreshing E:/STUDY/quartus_examples/matrix_6/sim/sim_working/work.save_send
# Loading work.save_send
# Refreshing E:/STUDY/quartus_examples/matrix_6/sim/sim_working/work.fifo_512x32
# Loading work.fifo_512x32
# Refreshing E:/STUDY/quartus_examples/matrix_6/sim/sim_working/work.fifo_512x32_fifo_161_6hroaea
# Loading work.fifo_512x32_fifo_161_6hroaea
# Loading altera_mf_ver.scfifo
# Loading altera_mf_ver.ALTERA_DEVICE_FAMILIES
# Refreshing E:/STUDY/quartus_examples/matrix_6/sim/sim_working/work.ram_2port_512x32
# Loading work.ram_2port_512x32
# Refreshing E:/STUDY/quartus_examples/matrix_6/sim/sim_working/work.ram_2port_512x32_ram_2port_161_wdhffea
# Loading work.ram_2port_512x32_ram_2port_161_wdhffea
# Loading work.PU8
# Loading work.PE0
# Refreshing E:/STUDY/quartus_examples/matrix_6/sim/sim_working/work.fp_mult
# Loading work.fp_mult
# Refreshing E:/STUDY/quartus_examples/matrix_6/sim/sim_working/work.fp_add
# Loading work.fp_add
# Loading work.PEx
# Refreshing E:/STUDY/quartus_examples/matrix_6/sim/sim_working/work.fifo_512x128
# Loading work.fifo_512x128
# Refreshing E:/STUDY/quartus_examples/matrix_6/sim/sim_working/work.fifo_512x128_fifo_161_myzf2pa
# Loading work.fifo_512x128_fifo_161_myzf2pa
# Loading std.standard
# Refreshing E:/STUDY/quartus_examples/matrix_6/sim/sim_working/work.fp_sub_altera_fp_functions_161_2aqu3xy(normal)
# Loading std.textio(body)
# Loading ieee.std_logic_1164(body)
# Loading ieee.numeric_std(body)
# Loading ieee.math_real(body)
# Refreshing E:/STUDY/quartus_examples/matrix_6/sim/sim_working/work.dspba_library_package
# Loading work.dspba_library_package
# Loading altera_mf.altera_mf_components
# Loading altera_lnsim.altera_lnsim_components
# Loading lpm.lpm_components
# Loading ieee.vital_timing(body)
# Loading ieee.vital_primitives(body)
# Loading twentynm.twentynm_atom_pack(body)
# Loading twentynm.twentynm_components
# Loading work.fp_sub_altera_fp_functions_161_2aqu3xy(normal)
# Loading twentynm.twentynm_fp_mac(behavior)
# Refreshing E:/STUDY/quartus_examples/matrix_6/sim/sim_working/work.fp_mult_altera_fp_functions_161_5joiagi(normal)
# Loading work.fp_mult_altera_fp_functions_161_5joiagi(normal)
# Refreshing E:/STUDY/quartus_examples/matrix_6/sim/sim_working/work.fp_add_altera_fp_functions_161_vikdi5i(normal)
# Loading work.fp_add_altera_fp_functions_161_vikdi5i(normal)
# ** Warning: (vsim-3015) ../test_bench/test.sv(65): [PCDPC] - Port size (14 or 14) does not match connection size (32) for port 'wraddress'. The port definition is at: ../../synth/ip_core/ram_9600x128/ram_9600x128/sim/ram_9600x128.v(8).
# 
#         Region: /test/u1
# ** Warning: (vsim-3015) ../test_bench/test.sv(98): [PCDPC] - Port size (128 or 128) does not match connection size (32) for port 'result_fifo_rdat'. The port definition is at: ../../synth/source/matrix_6.v(14).
# 
#         Region: /test/m0
# ** Warning: (vsim-3015) ../../synth/source/matrix_6.v(2795): [PCDPC] - Port size (5 or 5) does not match connection size (6) for port 'SUM_select'. The port definition is at: ../../synth/source/PU8.v(29).
# 
#         Region: /test/m0/P0
# The parameter verif_en is set to 0 for this simulator.
# Other values for verif_en are enabled only for VCS.
# The parameter verif_en is set to 0 for this simulator.
# Other values for verif_en are enabled only for VCS.
# The parameter verif_en is set to 0 for this simulator.
# Other values for verif_en are enabled only for VCS.
# The parameter verif_en is set to 0 for this simulator.
# Other values for verif_en are enabled only for VCS.
# The parameter verif_en is set to 0 for this simulator.
# Other values for verif_en are enabled only for VCS.
# The parameter verif_en is set to 0 for this simulator.
# Other values for verif_en are enabled only for VCS.
# The parameter verif_en is set to 0 for this simulator.
# Other values for verif_en are enabled only for VCS.
# The parameter verif_en is set to 0 for this simulator.
# Other values for verif_en are enabled only for VCS.
# The parameter verif_en is set to 0 for this simulator.
# Other values for verif_en are enabled only for VCS.
# The parameter verif_en is set to 0 for this simulator.
# Other values for verif_en are enabled only for VCS.
# The parameter verif_en is set to 0 for this simulator.
# Other values for verif_en are enabled only for VCS.
# The parameter verif_en is set to 0 for this simulator.
# Other values for verif_en are enabled only for VCS.
# The parameter verif_en is set to 0 for this simulator.
# Other values for verif_en are enabled only for VCS.
# The parameter verif_en is set to 0 for this simulator.
# Other values for verif_en are enabled only for VCS.
# The parameter verif_en is set to 0 for this simulator.
# Other values for verif_en are enabled only for VCS.
# The parameter verif_en is set to 0 for this simulator.
# Other values for verif_en are enabled only for VCS.
# The parameter verif_en is set to 0 for this simulator.
# Other values for verif_en are enabled only for VCS.
# The parameter verif_en is set to 0 for this simulator.
# Other values for verif_en are enabled only for VCS.
# The parameter verif_en is set to 0 for this simulator.
# Other values for verif_en are enabled only for VCS.
# The parameter verif_en is set to 0 for this simulator.
# Other values for verif_en are enabled only for VCS.
# The parameter verif_en is set to 0 for this simulator.
# Other values for verif_en are enabled only for VCS.
# The parameter verif_en is set to 0 for this simulator.
# Other values for verif_en are enabled only for VCS.
# The parameter verif_en is set to 0 for this simulator.
# Other values for verif_en are enabled only for VCS.
# The parameter verif_en is set to 0 for this simulator.
# Other values for verif_en are enabled only for VCS.
# The parameter verif_en is set to 0 for this simulator.
# Other values for verif_en are enabled only for VCS.
# The parameter verif_en is set to 0 for this simulator.
# Other values for verif_en are enabled only for VCS.
# The parameter verif_en is set to 0 for this simulator.
# Other values for verif_en are enabled only for VCS.
# The parameter verif_en is set to 0 for this simulator.
# Other values for verif_en are enabled only for VCS.
# The parameter verif_en is set to 0 for this simulator.
# Other values for verif_en are enabled only for VCS.
# The parameter verif_en is set to 0 for this simulator.
# Other values for verif_en are enabled only for VCS.
# The parameter verif_en is set to 0 for this simulator.
# Other values for verif_en are enabled only for VCS.
# The parameter verif_en is set to 0 for this simulator.
# Other values for verif_en are enabled only for VCS.
# The parameter verif_en is set to 0 for this simulator.
# Other values for verif_en are enabled only for VCS.
# The parameter verif_en is set to 0 for this simulator.
# Other values for verif_en are enabled only for VCS.
# The parameter verif_en is set to 0 for this simulator.
# Other values for verif_en are enabled only for VCS.
# The parameter verif_en is set to 0 for this simulator.
# Other values for verif_en are enabled only for VCS.
# The parameter verif_en is set to 0 for this simulator.
# Other values for verif_en are enabled only for VCS.
# The parameter verif_en is set to 0 for this simulator.
# Other values for verif_en are enabled only for VCS.
# The parameter verif_en is set to 0 for this simulator.
# Other values for verif_en are enabled only for VCS.
# The parameter verif_en is set to 0 for this simulator.
# Other values for verif_en are enabled only for VCS.
# The parameter verif_en is set to 0 for this simulator.
# Other values for verif_en are enabled only for VCS.
# The parameter verif_en is set to 0 for this simulator.
# Other values for verif_en are enabled only for VCS.
# The parameter verif_en is set to 0 for this simulator.
# Other values for verif_en are enabled only for VCS.
# The parameter verif_en is set to 0 for this simulator.
# Other values for verif_en are enabled only for VCS.
# The parameter verif_en is set to 0 for this simulator.
# Other values for verif_en are enabled only for VCS.
# The parameter verif_en is set to 0 for this simulator.
# Other values for verif_en are enabled only for VCS.
# The parameter verif_en is set to 0 for this simulator.
# Other values for verif_en are enabled only for VCS.
# The parameter verif_en is set to 0 for this simulator.
# Other values for verif_en are enabled only for VCS.
# The parameter verif_en is set to 0 for this simulator.
# Other values for verif_en are enabled only for VCS.
# The parameter verif_en is set to 0 for this simulator.
# Other values for verif_en are enabled only for VCS.
# The parameter verif_en is set to 0 for this simulator.
# Other values for verif_en are enabled only for VCS.
# The parameter verif_en is set to 0 for this simulator.
# Other values for verif_en are enabled only for VCS.
# The parameter verif_en is set to 0 for this simulator.
# Other values for verif_en are enabled only for VCS.
# The parameter verif_en is set to 0 for this simulator.
# Other values for verif_en are enabled only for VCS.
# The parameter verif_en is set to 0 for this simulator.
# Other values for verif_en are enabled only for VCS.
# The parameter verif_en is set to 0 for this simulator.
# Other values for verif_en are enabled only for VCS.
# The parameter verif_en is set to 0 for this simulator.
# Other values for verif_en are enabled only for VCS.
# The parameter verif_en is set to 0 for this simulator.
# Other values for verif_en are enabled only for VCS.
# The parameter verif_en is set to 0 for this simulator.
# Other values for verif_en are enabled only for VCS.
# The parameter verif_en is set to 0 for this simulator.
# Other values for verif_en are enabled only for VCS.
# The parameter verif_en is set to 0 for this simulator.
# Other values for verif_en are enabled only for VCS.
# The parameter verif_en is set to 0 for this simulator.
# Other values for verif_en are enabled only for VCS.
# The parameter verif_en is set to 0 for this simulator.
# Other values for verif_en are enabled only for VCS.
# The parameter verif_en is set to 0 for this simulator.
# Other values for verif_en are enabled only for VCS.
# The parameter verif_en is set to 0 for this simulator.
# Other values for verif_en are enabled only for VCS.
# The parameter verif_en is set to 0 for this simulator.
# Other values for verif_en are enabled only for VCS.
# The parameter verif_en is set to 0 for this simulator.
# Other values for verif_en are enabled only for VCS.
# The parameter verif_en is set to 0 for this simulator.
# Other values for verif_en are enabled only for VCS.
# The parameter verif_en is set to 0 for this simulator.
# Other values for verif_en are enabled only for VCS.
# The parameter verif_en is set to 0 for this simulator.
# Other values for verif_en are enabled only for VCS.
# The parameter verif_en is set to 0 for this simulator.
# Other values for verif_en are enabled only for VCS.
# The parameter verif_en is set to 0 for this simulator.
# Other values for verif_en are enabled only for VCS.
# The parameter verif_en is set to 0 for this simulator.
# Other values for verif_en are enabled only for VCS.
# The parameter verif_en is set to 0 for this simulator.
# Other values for verif_en are enabled only for VCS.
# The parameter verif_en is set to 0 for this simulator.
# Other values for verif_en are enabled only for VCS.
# The parameter verif_en is set to 0 for this simulator.
# Other values for verif_en are enabled only for VCS.
# The parameter verif_en is set to 0 for this simulator.
# Other values for verif_en are enabled only for VCS.
# The parameter verif_en is set to 0 for this simulator.
# Other values for verif_en are enabled only for VCS.
# The parameter verif_en is set to 0 for this simulator.
# Other values for verif_en are enabled only for VCS.
# The parameter verif_en is set to 0 for this simulator.
# Other values for verif_en are enabled only for VCS.
# The parameter verif_en is set to 0 for this simulator.
# Other values for verif_en are enabled only for VCS.
# The parameter verif_en is set to 0 for this simulator.
# Other values for verif_en are enabled only for VCS.
# The parameter verif_en is set to 0 for this simulator.
# Other values for verif_en are enabled only for VCS.
# The parameter verif_en is set to 0 for this simulator.
# Other values for verif_en are enabled only for VCS.
# The parameter verif_en is set to 0 for this simulator.
# Other values for verif_en are enabled only for VCS.
# The parameter verif_en is set to 0 for this simulator.
# Other values for verif_en are enabled only for VCS.
# The parameter verif_en is set to 0 for this simulator.
# Other values for verif_en are enabled only for VCS.
# The parameter verif_en is set to 0 for this simulator.
# Other values for verif_en are enabled only for VCS.
# The parameter verif_en is set to 0 for this simulator.
# Other values for verif_en are enabled only for VCS.
# The parameter verif_en is set to 0 for this simulator.
# Other values for verif_en are enabled only for VCS.
# The parameter verif_en is set to 0 for this simulator.
# Other values for verif_en are enabled only for VCS.
# The parameter verif_en is set to 0 for this simulator.
# Other values for verif_en are enabled only for VCS.
# The parameter verif_en is set to 0 for this simulator.
# Other values for verif_en are enabled only for VCS.
# The parameter verif_en is set to 0 for this simulator.
# Other values for verif_en are enabled only for VCS.
# The parameter verif_en is set to 0 for this simulator.
# Other values for verif_en are enabled only for VCS.
# The parameter verif_en is set to 0 for this simulator.
# Other values for verif_en are enabled only for VCS.
# The parameter verif_en is set to 0 for this simulator.
# Other values for verif_en are enabled only for VCS.
# The parameter verif_en is set to 0 for this simulator.
# Other values for verif_en are enabled only for VCS.
# The parameter verif_en is set to 0 for this simulator.
# Other values for verif_en are enabled only for VCS.
# The parameter verif_en is set to 0 for this simulator.
# Other values for verif_en are enabled only for VCS.
# The parameter verif_en is set to 0 for this simulator.
# Other values for verif_en are enabled only for VCS.
# The parameter verif_en is set to 0 for this simulator.
# Other values for verif_en are enabled only for VCS.
# The parameter verif_en is set to 0 for this simulator.
# Other values for verif_en are enabled only for VCS.
# The parameter verif_en is set to 0 for this simulator.
# Other values for verif_en are enabled only for VCS.
# The parameter verif_en is set to 0 for this simulator.
# Other values for verif_en are enabled only for VCS.
# The parameter verif_en is set to 0 for this simulator.
# Other values for verif_en are enabled only for VCS.
# The parameter verif_en is set to 0 for this simulator.
# Other values for verif_en are enabled only for VCS.
# The parameter verif_en is set to 0 for this simulator.
# Other values for verif_en are enabled only for VCS.
# The parameter verif_en is set to 0 for this simulator.
# Other values for verif_en are enabled only for VCS.
# The parameter verif_en is set to 0 for this simulator.
# Other values for verif_en are enabled only for VCS.
# The parameter verif_en is set to 0 for this simulator.
# Other values for verif_en are enabled only for VCS.
# The parameter verif_en is set to 0 for this simulator.
# Other values for verif_en are enabled only for VCS.
# The parameter verif_en is set to 0 for this simulator.
# Other values for verif_en are enabled only for VCS.
# The parameter verif_en is set to 0 for this simulator.
# Other values for verif_en are enabled only for VCS.
# The parameter verif_en is set to 0 for this simulator.
# Other values for verif_en are enabled only for VCS.
# The parameter verif_en is set to 0 for this simulator.
# Other values for verif_en are enabled only for VCS.
# The parameter verif_en is set to 0 for this simulator.
# Other values for verif_en are enabled only for VCS.
# The parameter verif_en is set to 0 for this simulator.
# Other values for verif_en are enabled only for VCS.
# The parameter verif_en is set to 0 for this simulator.
# Other values for verif_en are enabled only for VCS.
# The parameter verif_en is set to 0 for this simulator.
# Other values for verif_en are enabled only for VCS.
# The parameter verif_en is set to 0 for this simulator.
# Other values for verif_en are enabled only for VCS.
# The parameter verif_en is set to 0 for this simulator.
# Other values for verif_en are enabled only for VCS.
# The parameter verif_en is set to 0 for this simulator.
# Other values for verif_en are enabled only for VCS.
# The parameter verif_en is set to 0 for this simulator.
# Other values for verif_en are enabled only for VCS.
# The parameter verif_en is set to 0 for this simulator.
# Other values for verif_en are enabled only for VCS.
# The parameter verif_en is set to 0 for this simulator.
# Other values for verif_en are enabled only for VCS.
# The parameter verif_en is set to 0 for this simulator.
# Other values for verif_en are enabled only for VCS.
# The parameter verif_en is set to 0 for this simulator.
# Other values for verif_en are enabled only for VCS.
# The parameter verif_en is set to 0 for this simulator.
# Other values for verif_en are enabled only for VCS.
# The parameter verif_en is set to 0 for this simulator.
# Other values for verif_en are enabled only for VCS.
# The parameter verif_en is set to 0 for this simulator.
# Other values for verif_en are enabled only for VCS.
# The parameter verif_en is set to 0 for this simulator.
# Other values for verif_en are enabled only for VCS.
# The parameter verif_en is set to 0 for this simulator.
# Other values for verif_en are enabled only for VCS.
# The parameter verif_en is set to 0 for this simulator.
# Other values for verif_en are enabled only for VCS.
# The parameter verif_en is set to 0 for this simulator.
# Other values for verif_en are enabled only for VCS.
# The parameter verif_en is set to 0 for this simulator.
# Other values for verif_en are enabled only for VCS.
# The parameter verif_en is set to 0 for this simulator.
# Other values for verif_en are enabled only for VCS.
# The parameter verif_en is set to 0 for this simulator.
# Other values for verif_en are enabled only for VCS.
# The parameter verif_en is set to 0 for this simulator.
# Other values for verif_en are enabled only for VCS.
# The parameter verif_en is set to 0 for this simulator.
# Other values for verif_en are enabled only for VCS.
# The parameter verif_en is set to 0 for this simulator.
# Other values for verif_en are enabled only for VCS.
# The parameter verif_en is set to 0 for this simulator.
# Other values for verif_en are enabled only for VCS.
# The parameter verif_en is set to 0 for this simulator.
# Other values for verif_en are enabled only for VCS.
# The parameter verif_en is set to 0 for this simulator.
# Other values for verif_en are enabled only for VCS.
# The parameter verif_en is set to 0 for this simulator.
# Other values for verif_en are enabled only for VCS.
# The parameter verif_en is set to 0 for this simulator.
# Other values for verif_en are enabled only for VCS.
# The parameter verif_en is set to 0 for this simulator.
# Other values for verif_en are enabled only for VCS.
# The parameter verif_en is set to 0 for this simulator.
# Other values for verif_en are enabled only for VCS.
# The parameter verif_en is set to 0 for this simulator.
# Other values for verif_en are enabled only for VCS.
# The parameter verif_en is set to 0 for this simulator.
# Other values for verif_en are enabled only for VCS.
# The parameter verif_en is set to 0 for this simulator.
# Other values for verif_en are enabled only for VCS.
# The parameter verif_en is set to 0 for this simulator.
# Other values for verif_en are enabled only for VCS.
# The parameter verif_en is set to 0 for this simulator.
# Other values for verif_en are enabled only for VCS.
# The parameter verif_en is set to 0 for this simulator.
# Other values for verif_en are enabled only for VCS.
# The parameter verif_en is set to 0 for this simulator.
# Other values for verif_en are enabled only for VCS.
# The parameter verif_en is set to 0 for this simulator.
# Other values for verif_en are enabled only for VCS.
# The parameter verif_en is set to 0 for this simulator.
# Other values for verif_en are enabled only for VCS.
# The parameter verif_en is set to 0 for this simulator.
# Other values for verif_en are enabled only for VCS.
# The parameter verif_en is set to 0 for this simulator.
# Other values for verif_en are enabled only for VCS.
# The parameter verif_en is set to 0 for this simulator.
# Other values for verif_en are enabled only for VCS.
# The parameter verif_en is set to 0 for this simulator.
# Other values for verif_en are enabled only for VCS.
# The parameter verif_en is set to 0 for this simulator.
# Other values for verif_en are enabled only for VCS.
# The parameter verif_en is set to 0 for this simulator.
# Other values for verif_en are enabled only for VCS.
# The parameter verif_en is set to 0 for this simulator.
# Other values for verif_en are enabled only for VCS.
# The parameter verif_en is set to 0 for this simulator.
# Other values for verif_en are enabled only for VCS.
# The parameter verif_en is set to 0 for this simulator.
# Other values for verif_en are enabled only for VCS.
# The parameter verif_en is set to 0 for this simulator.
# Other values for verif_en are enabled only for VCS.
# The parameter verif_en is set to 0 for this simulator.
# Other values for verif_en are enabled only for VCS.
# The parameter verif_en is set to 0 for this simulator.
# Other values for verif_en are enabled only for VCS.
# The parameter verif_en is set to 0 for this simulator.
# Other values for verif_en are enabled only for VCS.
# The parameter verif_en is set to 0 for this simulator.
# Other values for verif_en are enabled only for VCS.
# The parameter verif_en is set to 0 for this simulator.
# Other values for verif_en are enabled only for VCS.
# The parameter verif_en is set to 0 for this simulator.
# Other values for verif_en are enabled only for VCS.
# The parameter verif_en is set to 0 for this simulator.
# Other values for verif_en are enabled only for VCS.
# The parameter verif_en is set to 0 for this simulator.
# Other values for verif_en are enabled only for VCS.
# The parameter verif_en is set to 0 for this simulator.
# Other values for verif_en are enabled only for VCS.
# The parameter verif_en is set to 0 for this simulator.
# Other values for verif_en are enabled only for VCS.
# The parameter verif_en is set to 0 for this simulator.
# Other values for verif_en are enabled only for VCS.
# The parameter verif_en is set to 0 for this simulator.
# Other values for verif_en are enabled only for VCS.
# The parameter verif_en is set to 0 for this simulator.
# Other values for verif_en are enabled only for VCS.
# The parameter verif_en is set to 0 for this simulator.
# Other values for verif_en are enabled only for VCS.
# The parameter verif_en is set to 0 for this simulator.
# Other values for verif_en are enabled only for VCS.
# The parameter verif_en is set to 0 for this simulator.
# Other values for verif_en are enabled only for VCS.
# The parameter verif_en is set to 0 for this simulator.
# Other values for verif_en are enabled only for VCS.
# The parameter verif_en is set to 0 for this simulator.
# Other values for verif_en are enabled only for VCS.
# The parameter verif_en is set to 0 for this simulator.
# Other values for verif_en are enabled only for VCS.
# The parameter verif_en is set to 0 for this simulator.
# Other values for verif_en are enabled only for VCS.
# The parameter verif_en is set to 0 for this simulator.
# Other values for verif_en are enabled only for VCS.
# The parameter verif_en is set to 0 for this simulator.
# Other values for verif_en are enabled only for VCS.
# The parameter verif_en is set to 0 for this simulator.
# Other values for verif_en are enabled only for VCS.
# The parameter verif_en is set to 0 for this simulator.
# Other values for verif_en are enabled only for VCS.
# The parameter verif_en is set to 0 for this simulator.
# Other values for verif_en are enabled only for VCS.
# The parameter verif_en is set to 0 for this simulator.
# Other values for verif_en are enabled only for VCS.
# The parameter verif_en is set to 0 for this simulator.
# Other values for verif_en are enabled only for VCS.
# The parameter verif_en is set to 0 for this simulator.
# Other values for verif_en are enabled only for VCS.
# The parameter verif_en is set to 0 for this simulator.
# Other values for verif_en are enabled only for VCS.
# The parameter verif_en is set to 0 for this simulator.
# Other values for verif_en are enabled only for VCS.
# The parameter verif_en is set to 0 for this simulator.
# Other values for verif_en are enabled only for VCS.
# The parameter verif_en is set to 0 for this simulator.
# Other values for verif_en are enabled only for VCS.
# The parameter verif_en is set to 0 for this simulator.
# Other values for verif_en are enabled only for VCS.
# The parameter verif_en is set to 0 for this simulator.
# Other values for verif_en are enabled only for VCS.
# The parameter verif_en is set to 0 for this simulator.
# Other values for verif_en are enabled only for VCS.
# The parameter verif_en is set to 0 for this simulator.
# Other values for verif_en are enabled only for VCS.
# The parameter verif_en is set to 0 for this simulator.
# Other values for verif_en are enabled only for VCS.
# The parameter verif_en is set to 0 for this simulator.
# Other values for verif_en are enabled only for VCS.
# The parameter verif_en is set to 0 for this simulator.
# Other values for verif_en are enabled only for VCS.
# The parameter verif_en is set to 0 for this simulator.
# Other values for verif_en are enabled only for VCS.
# The parameter verif_en is set to 0 for this simulator.
# Other values for verif_en are enabled only for VCS.
# The parameter verif_en is set to 0 for this simulator.
# Other values for verif_en are enabled only for VCS.
# The parameter verif_en is set to 0 for this simulator.
# Other values for verif_en are enabled only for VCS.
# The parameter verif_en is set to 0 for this simulator.
# Other values for verif_en are enabled only for VCS.
# The parameter verif_en is set to 0 for this simulator.
# Other values for verif_en are enabled only for VCS.
# The parameter verif_en is set to 0 for this simulator.
# Other values for verif_en are enabled only for VCS.
# The parameter verif_en is set to 0 for this simulator.
# Other values for verif_en are enabled only for VCS.
# The parameter verif_en is set to 0 for this simulator.
# Other values for verif_en are enabled only for VCS.
# The parameter verif_en is set to 0 for this simulator.
# Other values for verif_en are enabled only for VCS.
# The parameter verif_en is set to 0 for this simulator.
# Other values for verif_en are enabled only for VCS.
# The parameter verif_en is set to 0 for this simulator.
# Other values for verif_en are enabled only for VCS.
# The parameter verif_en is set to 0 for this simulator.
# Other values for verif_en are enabled only for VCS.
# The parameter verif_en is set to 0 for this simulator.
# Other values for verif_en are enabled only for VCS.
# The parameter verif_en is set to 0 for this simulator.
# Other values for verif_en are enabled only for VCS.
# The parameter verif_en is set to 0 for this simulator.
# Other values for verif_en are enabled only for VCS.
# The parameter verif_en is set to 0 for this simulator.
# Other values for verif_en are enabled only for VCS.
# The parameter verif_en is set to 0 for this simulator.
# Other values for verif_en are enabled only for VCS.
# The parameter verif_en is set to 0 for this simulator.
# Other values for verif_en are enabled only for VCS.
# The parameter verif_en is set to 0 for this simulator.
# Other values for verif_en are enabled only for VCS.
# The parameter verif_en is set to 0 for this simulator.
# Other values for verif_en are enabled only for VCS.
# The parameter verif_en is set to 0 for this simulator.
# Other values for verif_en are enabled only for VCS.
# The parameter verif_en is set to 0 for this simulator.
# Other values for verif_en are enabled only for VCS.
# The parameter verif_en is set to 0 for this simulator.
# Other values for verif_en are enabled only for VCS.
# The parameter verif_en is set to 0 for this simulator.
# Other values for verif_en are enabled only for VCS.
# The parameter verif_en is set to 0 for this simulator.
# Other values for verif_en are enabled only for VCS.
# The parameter verif_en is set to 0 for this simulator.
# Other values for verif_en are enabled only for VCS.
# The parameter verif_en is set to 0 for this simulator.
# Other values for verif_en are enabled only for VCS.
# The parameter verif_en is set to 0 for this simulator.
# Other values for verif_en are enabled only for VCS.
# The parameter verif_en is set to 0 for this simulator.
# Other values for verif_en are enabled only for VCS.
# The parameter verif_en is set to 0 for this simulator.
# Other values for verif_en are enabled only for VCS.
# The parameter verif_en is set to 0 for this simulator.
# Other values for verif_en are enabled only for VCS.
# The parameter verif_en is set to 0 for this simulator.
# Other values for verif_en are enabled only for VCS.
# The parameter verif_en is set to 0 for this simulator.
# Other values for verif_en are enabled only for VCS.
# The parameter verif_en is set to 0 for this simulator.
# Other values for verif_en are enabled only for VCS.
# The parameter verif_en is set to 0 for this simulator.
# Other values for verif_en are enabled only for VCS.
# The parameter verif_en is set to 0 for this simulator.
# Other values for verif_en are enabled only for VCS.
# The parameter verif_en is set to 0 for this simulator.
# Other values for verif_en are enabled only for VCS.
# The parameter verif_en is set to 0 for this simulator.
# Other values for verif_en are enabled only for VCS.
# The parameter verif_en is set to 0 for this simulator.
# Other values for verif_en are enabled only for VCS.
# The parameter verif_en is set to 0 for this simulator.
# Other values for verif_en are enabled only for VCS.
# The parameter verif_en is set to 0 for this simulator.
# Other values for verif_en are enabled only for VCS.
# The parameter verif_en is set to 0 for this simulator.
# Other values for verif_en are enabled only for VCS.
# The parameter verif_en is set to 0 for this simulator.
# Other values for verif_en are enabled only for VCS.
# The parameter verif_en is set to 0 for this simulator.
# Other values for verif_en are enabled only for VCS.
# The parameter verif_en is set to 0 for this simulator.
# Other values for verif_en are enabled only for VCS.
# The parameter verif_en is set to 0 for this simulator.
# Other values for verif_en are enabled only for VCS.
# The parameter verif_en is set to 0 for this simulator.
# Other values for verif_en are enabled only for VCS.
# The parameter verif_en is set to 0 for this simulator.
# Other values for verif_en are enabled only for VCS.
# The parameter verif_en is set to 0 for this simulator.
# Other values for verif_en are enabled only for VCS.
# The parameter verif_en is set to 0 for this simulator.
# Other values for verif_en are enabled only for VCS.
# The parameter verif_en is set to 0 for this simulator.
# Other values for verif_en are enabled only for VCS.
# The parameter verif_en is set to 0 for this simulator.
# Other values for verif_en are enabled only for VCS.
# The parameter verif_en is set to 0 for this simulator.
# Other values for verif_en are enabled only for VCS.
# The parameter verif_en is set to 0 for this simulator.
# Other values for verif_en are enabled only for VCS.
# The parameter verif_en is set to 0 for this simulator.
# Other values for verif_en are enabled only for VCS.
# The parameter verif_en is set to 0 for this simulator.
# Other values for verif_en are enabled only for VCS.
# The parameter verif_en is set to 0 for this simulator.
# Other values for verif_en are enabled only for VCS.
# The parameter verif_en is set to 0 for this simulator.
# Other values for verif_en are enabled only for VCS.
# The parameter verif_en is set to 0 for this simulator.
# Other values for verif_en are enabled only for VCS.
# The parameter verif_en is set to 0 for this simulator.
# Other values for verif_en are enabled only for VCS.
# The parameter verif_en is set to 0 for this simulator.
# Other values for verif_en are enabled only for VCS.
# The parameter verif_en is set to 0 for this simulator.
# Other values for verif_en are enabled only for VCS.
# The parameter verif_en is set to 0 for this simulator.
# Other values for verif_en are enabled only for VCS.
# The parameter verif_en is set to 0 for this simulator.
# Other values for verif_en are enabled only for VCS.
# The parameter verif_en is set to 0 for this simulator.
# Other values for verif_en are enabled only for VCS.
# The parameter verif_en is set to 0 for this simulator.
# Other values for verif_en are enabled only for VCS.
# The parameter verif_en is set to 0 for this simulator.
# Other values for verif_en are enabled only for VCS.
# The parameter verif_en is set to 0 for this simulator.
# Other values for verif_en are enabled only for VCS.
# The parameter verif_en is set to 0 for this simulator.
# Other values for verif_en are enabled only for VCS.
# The parameter verif_en is set to 0 for this simulator.
# Other values for verif_en are enabled only for VCS.
# The parameter verif_en is set to 0 for this simulator.
# Other values for verif_en are enabled only for VCS.
# The parameter verif_en is set to 0 for this simulator.
# Other values for verif_en are enabled only for VCS.
# The parameter verif_en is set to 0 for this simulator.
# Other values for verif_en are enabled only for VCS.
# The parameter verif_en is set to 0 for this simulator.
# Other values for verif_en are enabled only for VCS.
# The parameter verif_en is set to 0 for this simulator.
# Other values for verif_en are enabled only for VCS.
# The parameter verif_en is set to 0 for this simulator.
# Other values for verif_en are enabled only for VCS.
# The parameter verif_en is set to 0 for this simulator.
# Other values for verif_en are enabled only for VCS.
# The parameter verif_en is set to 0 for this simulator.
# Other values for verif_en are enabled only for VCS.
# The parameter verif_en is set to 0 for this simulator.
# Other values for verif_en are enabled only for VCS.
# The parameter verif_en is set to 0 for this simulator.
# Other values for verif_en are enabled only for VCS.
# The parameter verif_en is set to 0 for this simulator.
# Other values for verif_en are enabled only for VCS.
# The parameter verif_en is set to 0 for this simulator.
# Other values for verif_en are enabled only for VCS.
# The parameter verif_en is set to 0 for this simulator.
# Other values for verif_en are enabled only for VCS.
# The parameter verif_en is set to 0 for this simulator.
# Other values for verif_en are enabled only for VCS.
# The parameter verif_en is set to 0 for this simulator.
# Other values for verif_en are enabled only for VCS.
# The parameter verif_en is set to 0 for this simulator.
# Other values for verif_en are enabled only for VCS.
# The parameter verif_en is set to 0 for this simulator.
# Other values for verif_en are enabled only for VCS.
# The parameter verif_en is set to 0 for this simulator.
# Other values for verif_en are enabled only for VCS.
# The parameter verif_en is set to 0 for this simulator.
# Other values for verif_en are enabled only for VCS.
# The parameter verif_en is set to 0 for this simulator.
# Other values for verif_en are enabled only for VCS.
# The parameter verif_en is set to 0 for this simulator.
# Other values for verif_en are enabled only for VCS.
# The parameter verif_en is set to 0 for this simulator.
# Other values for verif_en are enabled only for VCS.
# The parameter verif_en is set to 0 for this simulator.
# Other values for verif_en are enabled only for VCS.
# The parameter verif_en is set to 0 for this simulator.
# Other values for verif_en are enabled only for VCS.
# The parameter verif_en is set to 0 for this simulator.
# Other values for verif_en are enabled only for VCS.
# The parameter verif_en is set to 0 for this simulator.
# Other values for verif_en are enabled only for VCS.
# The parameter verif_en is set to 0 for this simulator.
# Other values for verif_en are enabled only for VCS.
# The parameter verif_en is set to 0 for this simulator.
# Other values for verif_en are enabled only for VCS.
# The parameter verif_en is set to 0 for this simulator.
# Other values for verif_en are enabled only for VCS.
# The parameter verif_en is set to 0 for this simulator.
# Other values for verif_en are enabled only for VCS.
# The parameter verif_en is set to 0 for this simulator.
# Other values for verif_en are enabled only for VCS.
# The parameter verif_en is set to 0 for this simulator.
# Other values for verif_en are enabled only for VCS.
# The parameter verif_en is set to 0 for this simulator.
# Other values for verif_en are enabled only for VCS.
# The parameter verif_en is set to 0 for this simulator.
# Other values for verif_en are enabled only for VCS.
# The parameter verif_en is set to 0 for this simulator.
# Other values for verif_en are enabled only for VCS.
# The parameter verif_en is set to 0 for this simulator.
# Other values for verif_en are enabled only for VCS.
# The parameter verif_en is set to 0 for this simulator.
# Other values for verif_en are enabled only for VCS.
# The parameter verif_en is set to 0 for this simulator.
# Other values for verif_en are enabled only for VCS.
# The parameter verif_en is set to 0 for this simulator.
# Other values for verif_en are enabled only for VCS.
# The parameter verif_en is set to 0 for this simulator.
# Other values for verif_en are enabled only for VCS.
# The parameter verif_en is set to 0 for this simulator.
# Other values for verif_en are enabled only for VCS.
# The parameter verif_en is set to 0 for this simulator.
# Other values for verif_en are enabled only for VCS.
# The parameter verif_en is set to 0 for this simulator.
# Other values for verif_en are enabled only for VCS.
# The parameter verif_en is set to 0 for this simulator.
# Other values for verif_en are enabled only for VCS.
# The parameter verif_en is set to 0 for this simulator.
# Other values for verif_en are enabled only for VCS.
# The parameter verif_en is set to 0 for this simulator.
# Other values for verif_en are enabled only for VCS.
# The parameter verif_en is set to 0 for this simulator.
# Other values for verif_en are enabled only for VCS.
# The parameter verif_en is set to 0 for this simulator.
# Other values for verif_en are enabled only for VCS.
# The parameter verif_en is set to 0 for this simulator.
# Other values for verif_en are enabled only for VCS.
# The parameter verif_en is set to 0 for this simulator.
# Other values for verif_en are enabled only for VCS.
# The parameter verif_en is set to 0 for this simulator.
# Other values for verif_en are enabled only for VCS.
# The parameter verif_en is set to 0 for this simulator.
# Other values for verif_en are enabled only for VCS.
# The parameter verif_en is set to 0 for this simulator.
# Other values for verif_en are enabled only for VCS.
# The parameter verif_en is set to 0 for this simulator.
# Other values for verif_en are enabled only for VCS.
# The parameter verif_en is set to 0 for this simulator.
# Other values for verif_en are enabled only for VCS.
# The parameter verif_en is set to 0 for this simulator.
# Other values for verif_en are enabled only for VCS.
# The parameter verif_en is set to 0 for this simulator.
# Other values for verif_en are enabled only for VCS.
# The parameter verif_en is set to 0 for this simulator.
# Other values for verif_en are enabled only for VCS.
# The parameter verif_en is set to 0 for this simulator.
# Other values for verif_en are enabled only for VCS.
# The parameter verif_en is set to 0 for this simulator.
# Other values for verif_en are enabled only for VCS.
# The parameter verif_en is set to 0 for this simulator.
# Other values for verif_en are enabled only for VCS.
# The parameter verif_en is set to 0 for this simulator.
# Other values for verif_en are enabled only for VCS.
# Debussy Release 5.3v9 (Win95/NT) ModelSim - 09/16/2003 compile
# *Debussy* Create FSDB file './test_data_pkt_top.fsdb'
# *Debussy* Start dumping the scope(test), layer(5).
# ** Warning: Unknown scope type: test.u1.ram_2port_0.altera_syncram_component.genblk1 716
#     : ../test_bench/test.sv(171)
#    Time: 0 ps  Iteration: 0  Instance: /test
# ** Warning: Unknown scope type: test.u1.ram_2port_0.altera_syncram_component.genblk1 716
#     : ../test_bench/test.sv(171)
#    Time: 0 ps  Iteration: 0  Instance: /test
# ** Error: (vsim-PLI-3486) acc_fetch_defname(): The object_handle parameter is not a handle to a module, primitive, or architecture instance.    : ../test_bench/test.sv(171)
#    Time: 0 ps  Iteration: 0  Instance: /test
# ** Warning: Unknown scope type: test.u1.ram_2port_0.altera_syncram_component.clk0_on_outb_fall_gen 716
#     : ../test_bench/test.sv(171)
#    Time: 0 ps  Iteration: 0  Instance: /test
# ** Warning: Unknown scope type: test.u1.ram_2port_0.altera_syncram_component.clk0_on_outb_fall_gen 716
#     : ../test_bench/test.sv(171)
#    Time: 0 ps  Iteration: 0  Instance: /test
# ** Error: (vsim-PLI-3486) acc_fetch_defname(): The object_handle parameter is not a handle to a module, primitive, or architecture instance.    : ../test_bench/test.sv(171)
#    Time: 0 ps  Iteration: 0  Instance: /test
# ** Warning: Unknown scope type: test.u1.ram_2port_0.altera_syncram_component.clk0_on_outb_rise_gen 716
#     : ../test_bench/test.sv(171)
#    Time: 0 ps  Iteration: 0  Instance: /test
# ** Warning: Unknown scope type: test.u1.ram_2port_0.altera_syncram_component.clk0_on_outb_rise_gen 716
#     : ../test_bench/test.sv(171)
#    Time: 0 ps  Iteration: 0  Instance: /test
# ** Error: (vsim-PLI-3486) acc_fetch_defname(): The object_handle parameter is not a handle to a module, primitive, or architecture instance.    : ../test_bench/test.sv(171)
#    Time: 0 ps  Iteration: 0  Instance: /test
# ** Warning: Unknown scope type: test.u1.ram_2port_0.altera_syncram_component.genblk4 716
#     : ../test_bench/test.sv(171)
#    Time: 0 ps  Iteration: 0  Instance: /test
# ** Warning: Unknown scope type: test.u1.ram_2port_0.altera_syncram_component.genblk4 716
#     : ../test_bench/test.sv(171)
#    Time: 0 ps  Iteration: 0  Instance: /test
# ** Error: (vsim-PLI-3486) acc_fetch_defname(): The object_handle parameter is not a handle to a module, primitive, or architecture instance.    : ../test_bench/test.sv(171)
#    Time: 0 ps  Iteration: 0  Instance: /test
# ** Warning: Unknown scope type: test.u1.ram_2port_0.altera_syncram_component.genblk5 716
#     : ../test_bench/test.sv(171)
#    Time: 0 ps  Iteration: 0  Instance: /test
# ** Warning: Unknown scope type: test.u1.ram_2port_0.altera_syncram_component.genblk5 716
#     : ../test_bench/test.sv(171)
#    Time: 0 ps  Iteration: 0  Instance: /test
# ** Error: (vsim-PLI-3486) acc_fetch_defname(): The object_handle parameter is not a handle to a module, primitive, or architecture instance.    : ../test_bench/test.sv(171)
#    Time: 0 ps  Iteration: 0  Instance: /test
# ** Warning: Unknown scope type: test.m0.sub_0.fp_functions_0 1010
#     : ../test_bench/test.sv(171)
#    Time: 0 ps  Iteration: 0  Instance: /test
# ** Warning: Unknown scope type: test.m0.sub_0.fp_functions_0 1010
#     : ../test_bench/test.sv(171)
#    Time: 0 ps  Iteration: 0  Instance: /test
# ** Warning: Unknown scope type: test.m0.sub_0.fp_functions_0.fpSubTest_impl_DSP0 1010
#     : ../test_bench/test.sv(171)
#    Time: 0 ps  Iteration: 0  Instance: /test
# ** Warning: Unknown scope type: test.m0.sub_0.fp_functions_0.fpSubTest_impl_DSP0 1010
#     : ../test_bench/test.sv(171)
#    Time: 0 ps  Iteration: 0  Instance: /test
# *Debussy* End of dumping.
# data:00000015796cdc2b
# data:0000001677e940d7
# data:0000001b76a3b8ea
# data:0000001970c6d6fe
# data:0000001777e52e46
# data:00000018719360a6
# data:000000147031c56c
# data:0000001a77e30ee6
# data:0000001d77ea926b
# data:0000001c77404339
# Break key hit 
# Simulation stop requested.
# Stopped at c:/intelfpga/16.1/quartus/eda/sim_lib/altera_lnsim.sv line 18892 
# Simulation Breakpoint: Simulation stop requested.
# MACRO ./run.do PAUSED at line 63
# Break key hit 
# 
# <EOF> 
# Break key hit 
